[2018-12-11 16:11:49] local.ERROR: PDOException: SQLSTATE[HY000] [1045] Access denied for user 'forge'@'localhost' (using password: NO) in D:\Laragon\www\admin\highway-xa-qs\vendor\laravel\framework\src\Illuminate\Database\Connectors\Connector.php:55
Stack trace:
#0 D:\Laragon\www\admin\highway-xa-qs\vendor\laravel\framework\src\Illuminate\Database\Connectors\Connector.php(55): PDO->__construct('mysql:host=loca...', 'forge', '', Array)
#1 D:\Laragon\www\admin\highway-xa-qs\vendor\laravel\framework\src\Illuminate\Database\Connectors\MySqlConnector.php(22): Illuminate\Database\Connectors\Connector->createConnection('mysql:host=loca...', Array, Array)
#2 D:\Laragon\www\admin\highway-xa-qs\vendor\laravel\framework\src\Illuminate\Database\Connectors\ConnectionFactory.php(60): Illuminate\Database\Connectors\MySqlConnector->connect(Array)
#3 D:\Laragon\www\admin\highway-xa-qs\vendor\laravel\framework\src\Illuminate\Database\Connectors\ConnectionFactory.php(49): Illuminate\Database\Connectors\ConnectionFactory->createSingleConnection(Array)
#4 D:\Laragon\www\admin\highway-xa-qs\vendor\laravel\framework\src\Illuminate\Database\DatabaseManager.php(175): Illuminate\Database\Connectors\ConnectionFactory->make(Array, 'mysql')
#5 D:\Laragon\www\admin\highway-xa-qs\vendor\laravel\framework\src\Illuminate\Database\DatabaseManager.php(67): Illuminate\Database\DatabaseManager->makeConnection('mysql')
#6 D:\Laragon\www\admin\highway-xa-qs\vendor\laravel\framework\src\Illuminate\Database\Eloquent\Model.php(3224): Illuminate\Database\DatabaseManager->connection('mysql')
#7 D:\Laragon\www\admin\highway-xa-qs\vendor\laravel\framework\src\Illuminate\Database\Eloquent\Model.php(3190): Illuminate\Database\Eloquent\Model::resolveConnection(NULL)
#8 D:\Laragon\www\admin\highway-xa-qs\vendor\laravel\framework\src\Illuminate\Database\Eloquent\Model.php(1870): Illuminate\Database\Eloquent\Model->getConnection()
#9 D:\Laragon\www\admin\highway-xa-qs\vendor\laravel\framework\src\Illuminate\Database\Eloquent\Model.php(1813): Illuminate\Database\Eloquent\Model->newBaseQueryBuilder()
#10 D:\Laragon\www\admin\highway-xa-qs\vendor\laravel\framework\src\Illuminate\Database\Eloquent\Model.php(1787): Illuminate\Database\Eloquent\Model->newQueryWithoutScopes()
#11 D:\Laragon\www\admin\highway-xa-qs\vendor\laravel\framework\src\Illuminate\Auth\EloquentUserProvider.php(47): Illuminate\Database\Eloquent\Model->newQuery()
#12 D:\Laragon\www\admin\highway-xa-qs\vendor\laravel\framework\src\Illuminate\Auth\Guard.php(151): Illuminate\Auth\EloquentUserProvider->retrieveById(29)
#13 D:\Laragon\www\admin\highway-xa-qs\vendor\laravel\framework\src\Illuminate\Auth\Guard.php(112): Illuminate\Auth\Guard->user()
#14 D:\Laragon\www\admin\highway-xa-qs\vendor\laravel\framework\src\Illuminate\Auth\Guard.php(122): Illuminate\Auth\Guard->check()
#15 D:\Laragon\www\admin\highway-xa-qs\app\Http\Middleware\Admin.php(40): Illuminate\Auth\Guard->guest()
#16 [internal function]: App\Http\Middleware\Admin->handle(Object(Illuminate\Http\Request), Object(Closure))
#17 D:\Laragon\www\admin\highway-xa-qs\vendor\laravel\framework\src\Illuminate\Pipeline\Pipeline.php(124): call_user_func_array(Array, Array)
#18 [internal function]: Illuminate\Pipeline\Pipeline->Illuminate\Pipeline\{closure}(Object(Illuminate\Http\Request))
#19 D:\Laragon\www\admin\highway-xa-qs\vendor\laravel\framework\src\Illuminate\Pipeline\Pipeline.php(102): call_user_func(Object(Closure), Object(Illuminate\Http\Request))
#20 D:\Laragon\www\admin\highway-xa-qs\vendor\laravel\framework\src\Illuminate\Routing\Router.php(710): Illuminate\Pipeline\Pipeline->then(Object(Closure))
#21 D:\Laragon\www\admin\highway-xa-qs\vendor\laravel\framework\src\Illuminate\Routing\Router.php(674): Illuminate\Routing\Router->runRouteWithinStack(Object(Illuminate\Routing\Route), Object(Illuminate\Http\Request))
#22 D:\Laragon\www\admin\highway-xa-qs\vendor\laravel\framework\src\Illuminate\Routing\Router.php(635): Illuminate\Routing\Router->dispatchToRoute(Object(Illuminate\Http\Request))
#23 D:\Laragon\www\admin\highway-xa-qs\vendor\laravel\framework\src\Illuminate\Foundation\Http\Kernel.php(236): Illuminate\Routing\Router->dispatch(Object(Illuminate\Http\Request))
#24 [internal function]: Illuminate\Foundation\Http\Kernel->Illuminate\Foundation\Http\{closure}(Object(Illuminate\Http\Request))
#25 D:\Laragon\www\admin\highway-xa-qs\vendor\laravel\framework\src\Illuminate\Pipeline\Pipeline.php(139): call_user_func(Object(Closure), Object(Illuminate\Http\Request))
#26 D:\Laragon\www\admin\highway-xa-qs\vendor\laravel\framework\src\Illuminate\Foundation\Http\Middleware\VerifyCsrfToken.php(50): Illuminate\Pipeline\Pipeline->Illuminate\Pipeline\{closure}(Object(Illuminate\Http\Request))
#27 [internal function]: Illuminate\Foundation\Http\Middleware\VerifyCsrfToken->handle(Object(Illuminate\Http\Request), Object(Closure))
#28 D:\Laragon\www\admin\highway-xa-qs\vendor\laravel\framework\src\Illuminate\Pipeline\Pipeline.php(124): call_user_func_array(Array, Array)
#29 D:\Laragon\www\admin\highway-xa-qs\vendor\laravel\framework\src\Illuminate\View\Middleware\ShareErrorsFromSession.php(49): Illuminate\Pipeline\Pipeline->Illuminate\Pipeline\{closure}(Object(Illuminate\Http\Request))
#30 [internal function]: Illuminate\View\Middleware\ShareErrorsFromSession->handle(Object(Illuminate\Http\Request), Object(Closure))
#31 D:\Laragon\www\admin\highway-xa-qs\vendor\laravel\framework\src\Illuminate\Pipeline\Pipeline.php(124): call_user_func_array(Array, Array)
#32 D:\Laragon\www\admin\highway-xa-qs\vendor\laravel\framework\src\Illuminate\Session\Middleware\StartSession.php(62): Illuminate\Pipeline\Pipeline->Illuminate\Pipeline\{closure}(Object(Illuminate\Http\Request))
#33 [internal function]: Illuminate\Session\Middleware\StartSession->handle(Object(Illuminate\Http\Request), Object(Closure))
#34 D:\Laragon\www\admin\highway-xa-qs\vendor\laravel\framework\src\Illuminate\Pipeline\Pipeline.php(124): call_user_func_array(Array, Array)
#35 D:\Laragon\www\admin\highway-xa-qs\vendor\laravel\framework\src\Illuminate\Cookie\Middleware\AddQueuedCookiesToResponse.php(37): Illuminate\Pipeline\Pipeline->Illuminate\Pipeline\{closure}(Object(Illuminate\Http\Request))
#36 [internal function]: Illuminate\Cookie\Middleware\AddQueuedCookiesToResponse->handle(Object(Illuminate\Http\Request), Object(Closure))
#37 D:\Laragon\www\admin\highway-xa-qs\vendor\laravel\framework\src\Illuminate\Pipeline\Pipeline.php(124): call_user_func_array(Array, Array)
#38 D:\Laragon\www\admin\highway-xa-qs\vendor\laravel\framework\src\Illuminate\Cookie\Middleware\EncryptCookies.php(59): Illuminate\Pipeline\Pipeline->Illuminate\Pipeline\{closure}(Object(Illuminate\Http\Request))
#39 [internal function]: Illuminate\Cookie\Middleware\EncryptCookies->handle(Object(Illuminate\Http\Request), Object(Closure))
#40 D:\Laragon\www\admin\highway-xa-qs\vendor\laravel\framework\src\Illuminate\Pipeline\Pipeline.php(124): call_user_func_array(Array, Array)
#41 D:\Laragon\www\admin\highway-xa-qs\vendor\laravel\framework\src\Illuminate\Foundation\Http\Middleware\CheckForMaintenanceMode.php(44): Illuminate\Pipeline\Pipeline->Illuminate\Pipeline\{closure}(Object(Illuminate\Http\Request))
#42 [internal function]: Illuminate\Foundation\Http\Middleware\CheckForMaintenanceMode->handle(Object(Illuminate\Http\Request), Object(Closure))
#43 D:\Laragon\www\admin\highway-xa-qs\vendor\laravel\framework\src\Illuminate\Pipeline\Pipeline.php(124): call_user_func_array(Array, Array)
#44 [internal function]: Illuminate\Pipeline\Pipeline->Illuminate\Pipeline\{closure}(Object(Illuminate\Http\Request))
#45 D:\Laragon\www\admin\highway-xa-qs\vendor\laravel\framework\src\Illuminate\Pipeline\Pipeline.php(102): call_user_func(Object(Closure), Object(Illuminate\Http\Request))
#46 D:\Laragon\www\admin\highway-xa-qs\vendor\laravel\framework\src\Illuminate\Foundation\Http\Kernel.php(122): Illuminate\Pipeline\Pipeline->then(Object(Closure))
#47 D:\Laragon\www\admin\highway-xa-qs\vendor\laravel\framework\src\Illuminate\Foundation\Http\Kernel.php(87): Illuminate\Foundation\Http\Kernel->sendRequestThroughRouter(Object(Illuminate\Http\Request))
#48 D:\Laragon\www\admin\highway-xa-qs\public\index.php(53): Illuminate\Foundation\Http\Kernel->handle(Object(Illuminate\Http\Request))
#49 {main}  
[2018-12-11 16:17:22] local.ERROR: PDOException: SQLSTATE[HY000] [1045] Access denied for user 'forge'@'localhost' (using password: NO) in D:\Laragon\www\admin\highway-xa-qs\vendor\laravel\framework\src\Illuminate\Database\Connectors\Connector.php:55
Stack trace:
#0 D:\Laragon\www\admin\highway-xa-qs\vendor\laravel\framework\src\Illuminate\Database\Connectors\Connector.php(55): PDO->__construct('mysql:host=loca...', 'forge', '', Array)
#1 D:\Laragon\www\admin\highway-xa-qs\vendor\laravel\framework\src\Illuminate\Database\Connectors\MySqlConnector.php(22): Illuminate\Database\Connectors\Connector->createConnection('mysql:host=loca...', Array, Array)
#2 D:\Laragon\www\admin\highway-xa-qs\vendor\laravel\framework\src\Illuminate\Database\Connectors\ConnectionFactory.php(60): Illuminate\Database\Connectors\MySqlConnector->connect(Array)
#3 D:\Laragon\www\admin\highway-xa-qs\vendor\laravel\framework\src\Illuminate\Database\Connectors\ConnectionFactory.php(49): Illuminate\Database\Connectors\ConnectionFactory->createSingleConnection(Array)
#4 D:\Laragon\www\admin\highway-xa-qs\vendor\laravel\framework\src\Illuminate\Database\DatabaseManager.php(175): Illuminate\Database\Connectors\ConnectionFactory->make(Array, 'mysql')
#5 D:\Laragon\www\admin\highway-xa-qs\vendor\laravel\framework\src\Illuminate\Database\DatabaseManager.php(67): Illuminate\Database\DatabaseManager->makeConnection('mysql')
#6 D:\Laragon\www\admin\highway-xa-qs\vendor\laravel\framework\src\Illuminate\Database\Eloquent\Model.php(3224): Illuminate\Database\DatabaseManager->connection('mysql')
#7 D:\Laragon\www\admin\highway-xa-qs\vendor\laravel\framework\src\Illuminate\Database\Eloquent\Model.php(3190): Illuminate\Database\Eloquent\Model::resolveConnection(NULL)
#8 D:\Laragon\www\admin\highway-xa-qs\vendor\laravel\framework\src\Illuminate\Database\Eloquent\Model.php(1870): Illuminate\Database\Eloquent\Model->getConnection()
#9 D:\Laragon\www\admin\highway-xa-qs\vendor\laravel\framework\src\Illuminate\Database\Eloquent\Model.php(1813): Illuminate\Database\Eloquent\Model->newBaseQueryBuilder()
#10 D:\Laragon\www\admin\highway-xa-qs\vendor\laravel\framework\src\Illuminate\Database\Eloquent\Model.php(1787): Illuminate\Database\Eloquent\Model->newQueryWithoutScopes()
#11 D:\Laragon\www\admin\highway-xa-qs\vendor\laravel\framework\src\Illuminate\Auth\EloquentUserProvider.php(47): Illuminate\Database\Eloquent\Model->newQuery()
#12 D:\Laragon\www\admin\highway-xa-qs\vendor\laravel\framework\src\Illuminate\Auth\Guard.php(151): Illuminate\Auth\EloquentUserProvider->retrieveById(29)
#13 D:\Laragon\www\admin\highway-xa-qs\vendor\laravel\framework\src\Illuminate\Auth\Guard.php(112): Illuminate\Auth\Guard->user()
#14 D:\Laragon\www\admin\highway-xa-qs\vendor\laravel\framework\src\Illuminate\Auth\Guard.php(122): Illuminate\Auth\Guard->check()
#15 D:\Laragon\www\admin\highway-xa-qs\app\Http\Middleware\Admin.php(40): Illuminate\Auth\Guard->guest()
#16 [internal function]: App\Http\Middleware\Admin->handle(Object(Illuminate\Http\Request), Object(Closure))
#17 D:\Laragon\www\admin\highway-xa-qs\vendor\laravel\framework\src\Illuminate\Pipeline\Pipeline.php(124): call_user_func_array(Array, Array)
#18 [internal function]: Illuminate\Pipeline\Pipeline->Illuminate\Pipeline\{closure}(Object(Illuminate\Http\Request))
#19 D:\Laragon\www\admin\highway-xa-qs\vendor\laravel\framework\src\Illuminate\Pipeline\Pipeline.php(102): call_user_func(Object(Closure), Object(Illuminate\Http\Request))
#20 D:\Laragon\www\admin\highway-xa-qs\vendor\laravel\framework\src\Illuminate\Routing\Router.php(710): Illuminate\Pipeline\Pipeline->then(Object(Closure))
#21 D:\Laragon\www\admin\highway-xa-qs\vendor\laravel\framework\src\Illuminate\Routing\Router.php(674): Illuminate\Routing\Router->runRouteWithinStack(Object(Illuminate\Routing\Route), Object(Illuminate\Http\Request))
#22 D:\Laragon\www\admin\highway-xa-qs\vendor\laravel\framework\src\Illuminate\Routing\Router.php(635): Illuminate\Routing\Router->dispatchToRoute(Object(Illuminate\Http\Request))
#23 D:\Laragon\www\admin\highway-xa-qs\vendor\laravel\framework\src\Illuminate\Foundation\Http\Kernel.php(236): Illuminate\Routing\Router->dispatch(Object(Illuminate\Http\Request))
#24 [internal function]: Illuminate\Foundation\Http\Kernel->Illuminate\Foundation\Http\{closure}(Object(Illuminate\Http\Request))
#25 D:\Laragon\www\admin\highway-xa-qs\vendor\laravel\framework\src\Illuminate\Pipeline\Pipeline.php(139): call_user_func(Object(Closure), Object(Illuminate\Http\Request))
#26 D:\Laragon\www\admin\highway-xa-qs\vendor\laravel\framework\src\Illuminate\Foundation\Http\Middleware\VerifyCsrfToken.php(50): Illuminate\Pipeline\Pipeline->Illuminate\Pipeline\{closure}(Object(Illuminate\Http\Request))
#27 [internal function]: Illuminate\Foundation\Http\Middleware\VerifyCsrfToken->handle(Object(Illuminate\Http\Request), Object(Closure))
#28 D:\Laragon\www\admin\highway-xa-qs\vendor\laravel\framework\src\Illuminate\Pipeline\Pipeline.php(124): call_user_func_array(Array, Array)
#29 D:\Laragon\www\admin\highway-xa-qs\vendor\laravel\framework\src\Illuminate\View\Middleware\ShareErrorsFromSession.php(49): Illuminate\Pipeline\Pipeline->Illuminate\Pipeline\{closure}(Object(Illuminate\Http\Request))
#30 [internal function]: Illuminate\View\Middleware\ShareErrorsFromSession->handle(Object(Illuminate\Http\Request), Object(Closure))
#31 D:\Laragon\www\admin\highway-xa-qs\vendor\laravel\framework\src\Illuminate\Pipeline\Pipeline.php(124): call_user_func_array(Array, Array)
#32 D:\Laragon\www\admin\highway-xa-qs\vendor\laravel\framework\src\Illuminate\Session\Middleware\StartSession.php(62): Illuminate\Pipeline\Pipeline->Illuminate\Pipeline\{closure}(Object(Illuminate\Http\Request))
#33 [internal function]: Illuminate\Session\Middleware\StartSession->handle(Object(Illuminate\Http\Request), Object(Closure))
#34 D:\Laragon\www\admin\highway-xa-qs\vendor\laravel\framework\src\Illuminate\Pipeline\Pipeline.php(124): call_user_func_array(Array, Array)
#35 D:\Laragon\www\admin\highway-xa-qs\vendor\laravel\framework\src\Illuminate\Cookie\Middleware\AddQueuedCookiesToResponse.php(37): Illuminate\Pipeline\Pipeline->Illuminate\Pipeline\{closure}(Object(Illuminate\Http\Request))
#36 [internal function]: Illuminate\Cookie\Middleware\AddQueuedCookiesToResponse->handle(Object(Illuminate\Http\Request), Object(Closure))
#37 D:\Laragon\www\admin\highway-xa-qs\vendor\laravel\framework\src\Illuminate\Pipeline\Pipeline.php(124): call_user_func_array(Array, Array)
#38 D:\Laragon\www\admin\highway-xa-qs\vendor\laravel\framework\src\Illuminate\Cookie\Middleware\EncryptCookies.php(59): Illuminate\Pipeline\Pipeline->Illuminate\Pipeline\{closure}(Object(Illuminate\Http\Request))
#39 [internal function]: Illuminate\Cookie\Middleware\EncryptCookies->handle(Object(Illuminate\Http\Request), Object(Closure))
#40 D:\Laragon\www\admin\highway-xa-qs\vendor\laravel\framework\src\Illuminate\Pipeline\Pipeline.php(124): call_user_func_array(Array, Array)
#41 D:\Laragon\www\admin\highway-xa-qs\vendor\laravel\framework\src\Illuminate\Foundation\Http\Middleware\CheckForMaintenanceMode.php(44): Illuminate\Pipeline\Pipeline->Illuminate\Pipeline\{closure}(Object(Illuminate\Http\Request))
#42 [internal function]: Illuminate\Foundation\Http\Middleware\CheckForMaintenanceMode->handle(Object(Illuminate\Http\Request), Object(Closure))
#43 D:\Laragon\www\admin\highway-xa-qs\vendor\laravel\framework\src\Illuminate\Pipeline\Pipeline.php(124): call_user_func_array(Array, Array)
#44 [internal function]: Illuminate\Pipeline\Pipeline->Illuminate\Pipeline\{closure}(Object(Illuminate\Http\Request))
#45 D:\Laragon\www\admin\highway-xa-qs\vendor\laravel\framework\src\Illuminate\Pipeline\Pipeline.php(102): call_user_func(Object(Closure), Object(Illuminate\Http\Request))
#46 D:\Laragon\www\admin\highway-xa-qs\vendor\laravel\framework\src\Illuminate\Foundation\Http\Kernel.php(122): Illuminate\Pipeline\Pipeline->then(Object(Closure))
#47 D:\Laragon\www\admin\highway-xa-qs\vendor\laravel\framework\src\Illuminate\Foundation\Http\Kernel.php(87): Illuminate\Foundation\Http\Kernel->sendRequestThroughRouter(Object(Illuminate\Http\Request))
#48 D:\Laragon\www\admin\highway-xa-qs\public\index.php(53): Illuminate\Foundation\Http\Kernel->handle(Object(Illuminate\Http\Request))
#49 {main}  
