[2018-12-28 10:58:44] local.ERROR: Symfony\Component\Debug\Exception\FatalThrowableError: Type error: Too few arguments to function Illuminate\Routing\Router::get(), 1 passed in D:\Laragon\www\admin\highway-xa-qs\vendor\laravel\framework\src\Illuminate\Support\Facades\Facade.php on line 215 and exactly 2 expected in D:\Laragon\www\admin\highway-xa-qs\vendor\laravel\framework\src\Illuminate\Routing\Router.php:134
Stack trace:
#0 D:\Laragon\www\admin\highway-xa-qs\vendor\laravel\framework\src\Illuminate\Support\Facades\Facade.php(215): Illuminate\Routing\Router->get('')
#1 D:\Laragon\www\admin\highway-xa-qs\app\Http\routes.php(698): Illuminate\Support\Facades\Facade::__callStatic('get', Array)
#2 [internal function]: App\Providers\RouteServiceProvider->{closure}(Object(Illuminate\Routing\Router))
#3 D:\Laragon\www\admin\highway-xa-qs\vendor\laravel\framework\src\Illuminate\Routing\Router.php(354): call_user_func(Object(Closure), Object(Illuminate\Routing\Router))
#4 D:\Laragon\www\admin\highway-xa-qs\vendor\laravel\framework\src\Illuminate\Support\Facades\Facade.php(217): Illuminate\Routing\Router->group(Array, Object(Closure))
#5 D:\Laragon\www\admin\highway-xa-qs\app\Http\routes.php(700): Illuminate\Support\Facades\Facade::__callStatic('group', Array)
#6 D:\Laragon\www\admin\highway-xa-qs\app\Providers\RouteServiceProvider.php(41): require('D:\\Laragon\\www\\...')
#7 [internal function]: App\Providers\RouteServiceProvider->App\Providers\{closure}(Object(Illuminate\Routing\Router))
#8 D:\Laragon\www\admin\highway-xa-qs\vendor\laravel\framework\src\Illuminate\Routing\Router.php(354): call_user_func(Object(Closure), Object(Illuminate\Routing\Router))
#9 D:\Laragon\www\admin\highway-xa-qs\app\Providers\RouteServiceProvider.php(42): Illuminate\Routing\Router->group(Array, Object(Closure))
#10 [internal function]: App\Providers\RouteServiceProvider->map(Object(Illuminate\Routing\Router))
#11 D:\Laragon\www\admin\highway-xa-qs\vendor\laravel\framework\src\Illuminate\Container\Container.php(507): call_user_func_array(Array, Array)
#12 D:\Laragon\www\admin\highway-xa-qs\vendor\laravel\framework\src\Illuminate\Foundation\Support\Providers\RouteServiceProvider.php(72): Illuminate\Container\Container->call(Array)
#13 D:\Laragon\www\admin\highway-xa-qs\vendor\laravel\framework\src\Illuminate\Foundation\Support\Providers\RouteServiceProvider.php(31): Illuminate\Foundation\Support\Providers\RouteServiceProvider->loadRoutes()
#14 D:\Laragon\www\admin\highway-xa-qs\app\Providers\RouteServiceProvider.php(29): Illuminate\Foundation\Support\Providers\RouteServiceProvider->boot(Object(Illuminate\Routing\Router))
#15 [internal function]: App\Providers\RouteServiceProvider->boot(Object(Illuminate\Routing\Router))
#16 D:\Laragon\www\admin\highway-xa-qs\vendor\laravel\framework\src\Illuminate\Container\Container.php(507): call_user_func_array(Array, Array)
#17 D:\Laragon\www\admin\highway-xa-qs\vendor\laravel\framework\src\Illuminate\Foundation\Application.php(734): Illuminate\Container\Container->call(Array)
#18 D:\Laragon\www\admin\highway-xa-qs\vendor\laravel\framework\src\Illuminate\Foundation\Application.php(717): Illuminate\Foundation\Application->bootProvider(Object(App\Providers\RouteServiceProvider))
#19 [internal function]: Illuminate\Foundation\Application->Illuminate\Foundation\{closure}(Object(App\Providers\RouteServiceProvider), 16)
#20 D:\Laragon\www\admin\highway-xa-qs\vendor\laravel\framework\src\Illuminate\Foundation\Application.php(718): array_walk(Array, Object(Closure))
#21 D:\Laragon\www\admin\highway-xa-qs\vendor\laravel\framework\src\Illuminate\Foundation\Bootstrap\BootProviders.php(17): Illuminate\Foundation\Application->boot()
#22 D:\Laragon\www\admin\highway-xa-qs\vendor\laravel\framework\src\Illuminate\Foundation\Application.php(203): Illuminate\Foundation\Bootstrap\BootProviders->bootstrap(Object(Illuminate\Foundation\Application))
#23 D:\Laragon\www\admin\highway-xa-qs\vendor\laravel\framework\src\Illuminate\Foundation\Http\Kernel.php(222): Illuminate\Foundation\Application->bootstrapWith(Array)
#24 D:\Laragon\www\admin\highway-xa-qs\vendor\laravel\framework\src\Illuminate\Foundation\Http\Kernel.php(117): Illuminate\Foundation\Http\Kernel->bootstrap()
#25 D:\Laragon\www\admin\highway-xa-qs\vendor\laravel\framework\src\Illuminate\Foundation\Http\Kernel.php(87): Illuminate\Foundation\Http\Kernel->sendRequestThroughRouter(Object(Illuminate\Http\Request))
#26 D:\Laragon\www\admin\highway-xa-qs\public\index.php(53): Illuminate\Foundation\Http\Kernel->handle(Object(Illuminate\Http\Request))
#27 {main}  
[2018-12-28 11:15:20] local.INFO: get area error by sina ip ::1 data null  
[2018-12-28 14:20:11] local.ERROR: ErrorException: Undefined variable: info_data in D:\Laragon\www\admin\highway-xa-qs\storage\framework\views\c964073158c438b80fc438361f24a3fd:38
Stack trace:
#0 D:\Laragon\www\admin\highway-xa-qs\storage\framework\views\c964073158c438b80fc438361f24a3fd(38): Illuminate\Foundation\Bootstrap\HandleExceptions->handleError(8, 'Undefined varia...', 'D:\\Laragon\\www\\...', 38, Array)
#1 D:\Laragon\www\admin\highway-xa-qs\vendor\laravel\framework\src\Illuminate\View\Engines\PhpEngine.php(42): include('D:\\Laragon\\www\\...')
#2 D:\Laragon\www\admin\highway-xa-qs\vendor\laravel\framework\src\Illuminate\View\Engines\CompilerEngine.php(58): Illuminate\View\Engines\PhpEngine->evaluatePath('D:\\Laragon\\www\\...', Array)
#3 D:\Laragon\www\admin\highway-xa-qs\vendor\laravel\framework\src\Illuminate\View\View.php(147): Illuminate\View\Engines\CompilerEngine->get('D:\\Laragon\\www\\...', Array)
#4 D:\Laragon\www\admin\highway-xa-qs\vendor\laravel\framework\src\Illuminate\View\View.php(118): Illuminate\View\View->getContents()
#5 D:\Laragon\www\admin\highway-xa-qs\vendor\laravel\framework\src\Illuminate\View\View.php(83): Illuminate\View\View->renderContents()
#6 D:\Laragon\www\admin\highway-xa-qs\vendor\laravel\framework\src\Illuminate\Http\Response.php(51): Illuminate\View\View->render()
#7 D:\Laragon\www\admin\highway-xa-qs\vendor\symfony\http-foundation\Response.php(202): Illuminate\Http\Response->setContent(Object(Illuminate\View\View))
#8 D:\Laragon\www\admin\highway-xa-qs\vendor\laravel\framework\src\Illuminate\Routing\Router.php(1229): Symfony\Component\HttpFoundation\Response->__construct(Object(Illuminate\View\View))
#9 D:\Laragon\www\admin\highway-xa-qs\vendor\laravel\framework\src\Illuminate\Routing\ControllerDispatcher.php(112): Illuminate\Routing\Router->prepareResponse(Object(Illuminate\Http\Request), Object(Illuminate\View\View))
#10 [internal function]: Illuminate\Routing\ControllerDispatcher->Illuminate\Routing\{closure}(Object(Illuminate\Http\Request))
#11 D:\Laragon\www\admin\highway-xa-qs\vendor\laravel\framework\src\Illuminate\Pipeline\Pipeline.php(139): call_user_func(Object(Closure), Object(Illuminate\Http\Request))
#12 [internal function]: Illuminate\Pipeline\Pipeline->Illuminate\Pipeline\{closure}(Object(Illuminate\Http\Request))
#13 D:\Laragon\www\admin\highway-xa-qs\vendor\laravel\framework\src\Illuminate\Pipeline\Pipeline.php(102): call_user_func(Object(Closure), Object(Illuminate\Http\Request))
#14 D:\Laragon\www\admin\highway-xa-qs\vendor\laravel\framework\src\Illuminate\Routing\ControllerDispatcher.php(114): Illuminate\Pipeline\Pipeline->then(Object(Closure))
#15 D:\Laragon\www\admin\highway-xa-qs\vendor\laravel\framework\src\Illuminate\Routing\ControllerDispatcher.php(68): Illuminate\Routing\ControllerDispatcher->callWithinStack(Object(App\Http\Controllers\Stretch\StretchController), Object(Illuminate\Routing\Route), Object(Illuminate\Http\Request), 'detailInWarn')
#16 D:\Laragon\www\admin\highway-xa-qs\vendor\laravel\framework\src\Illuminate\Routing\Route.php(203): Illuminate\Routing\ControllerDispatcher->dispatch(Object(Illuminate\Routing\Route), Object(Illuminate\Http\Request), 'App\\Http\\Contro...', 'detailInWarn')
#17 D:\Laragon\www\admin\highway-xa-qs\vendor\laravel\framework\src\Illuminate\Routing\Route.php(134): Illuminate\Routing\Route->runWithCustomDispatcher(Object(Illuminate\Http\Request))
#18 D:\Laragon\www\admin\highway-xa-qs\vendor\laravel\framework\src\Illuminate\Routing\Router.php(708): Illuminate\Routing\Route->run(Object(Illuminate\Http\Request))
#19 [internal function]: Illuminate\Routing\Router->Illuminate\Routing\{closure}(Object(Illuminate\Http\Request))
#20 D:\Laragon\www\admin\highway-xa-qs\vendor\laravel\framework\src\Illuminate\Pipeline\Pipeline.php(139): call_user_func(Object(Closure), Object(Illuminate\Http\Request))
#21 D:\Laragon\www\admin\highway-xa-qs\app\Http\Middleware\Admin.php(159): Illuminate\Pipeline\Pipeline->Illuminate\Pipeline\{closure}(Object(Illuminate\Http\Request))
#22 [internal function]: App\Http\Middleware\Admin->handle(Object(Illuminate\Http\Request), Object(Closure))
#23 D:\Laragon\www\admin\highway-xa-qs\vendor\laravel\framework\src\Illuminate\Pipeline\Pipeline.php(124): call_user_func_array(Array, Array)
#24 [internal function]: Illuminate\Pipeline\Pipeline->Illuminate\Pipeline\{closure}(Object(Illuminate\Http\Request))
#25 D:\Laragon\www\admin\highway-xa-qs\vendor\laravel\framework\src\Illuminate\Pipeline\Pipeline.php(102): call_user_func(Object(Closure), Object(Illuminate\Http\Request))
#26 D:\Laragon\www\admin\highway-xa-qs\vendor\laravel\framework\src\Illuminate\Routing\Router.php(710): Illuminate\Pipeline\Pipeline->then(Object(Closure))
#27 D:\Laragon\www\admin\highway-xa-qs\vendor\laravel\framework\src\Illuminate\Routing\Router.php(674): Illuminate\Routing\Router->runRouteWithinStack(Object(Illuminate\Routing\Route), Object(Illuminate\Http\Request))
#28 D:\Laragon\www\admin\highway-xa-qs\vendor\laravel\framework\src\Illuminate\Routing\Router.php(635): Illuminate\Routing\Router->dispatchToRoute(Object(Illuminate\Http\Request))
#29 D:\Laragon\www\admin\highway-xa-qs\vendor\laravel\framework\src\Illuminate\Foundation\Http\Kernel.php(236): Illuminate\Routing\Router->dispatch(Object(Illuminate\Http\Request))
#30 [internal function]: Illuminate\Foundation\Http\Kernel->Illuminate\Foundation\Http\{closure}(Object(Illuminate\Http\Request))
#31 D:\Laragon\www\admin\highway-xa-qs\vendor\laravel\framework\src\Illuminate\Pipeline\Pipeline.php(139): call_user_func(Object(Closure), Object(Illuminate\Http\Request))
#32 D:\Laragon\www\admin\highway-xa-qs\vendor\laravel\framework\src\Illuminate\Foundation\Http\Middleware\VerifyCsrfToken.php(50): Illuminate\Pipeline\Pipeline->Illuminate\Pipeline\{closure}(Object(Illuminate\Http\Request))
#33 [internal function]: Illuminate\Foundation\Http\Middleware\VerifyCsrfToken->handle(Object(Illuminate\Http\Request), Object(Closure))
#34 D:\Laragon\www\admin\highway-xa-qs\vendor\laravel\framework\src\Illuminate\Pipeline\Pipeline.php(124): call_user_func_array(Array, Array)
#35 D:\Laragon\www\admin\highway-xa-qs\vendor\laravel\framework\src\Illuminate\View\Middleware\ShareErrorsFromSession.php(49): Illuminate\Pipeline\Pipeline->Illuminate\Pipeline\{closure}(Object(Illuminate\Http\Request))
#36 [internal function]: Illuminate\View\Middleware\ShareErrorsFromSession->handle(Object(Illuminate\Http\Request), Object(Closure))
#37 D:\Laragon\www\admin\highway-xa-qs\vendor\laravel\framework\src\Illuminate\Pipeline\Pipeline.php(124): call_user_func_array(Array, Array)
#38 D:\Laragon\www\admin\highway-xa-qs\vendor\laravel\framework\src\Illuminate\Session\Middleware\StartSession.php(62): Illuminate\Pipeline\Pipeline->Illuminate\Pipeline\{closure}(Object(Illuminate\Http\Request))
#39 [internal function]: Illuminate\Session\Middleware\StartSession->handle(Object(Illuminate\Http\Request), Object(Closure))
#40 D:\Laragon\www\admin\highway-xa-qs\vendor\laravel\framework\src\Illuminate\Pipeline\Pipeline.php(124): call_user_func_array(Array, Array)
#41 D:\Laragon\www\admin\highway-xa-qs\vendor\laravel\framework\src\Illuminate\Cookie\Middleware\AddQueuedCookiesToResponse.php(37): Illuminate\Pipeline\Pipeline->Illuminate\Pipeline\{closure}(Object(Illuminate\Http\Request))
#42 [internal function]: Illuminate\Cookie\Middleware\AddQueuedCookiesToResponse->handle(Object(Illuminate\Http\Request), Object(Closure))
#43 D:\Laragon\www\admin\highway-xa-qs\vendor\laravel\framework\src\Illuminate\Pipeline\Pipeline.php(124): call_user_func_array(Array, Array)
#44 D:\Laragon\www\admin\highway-xa-qs\vendor\laravel\framework\src\Illuminate\Cookie\Middleware\EncryptCookies.php(59): Illuminate\Pipeline\Pipeline->Illuminate\Pipeline\{closure}(Object(Illuminate\Http\Request))
#45 [internal function]: Illuminate\Cookie\Middleware\EncryptCookies->handle(Object(Illuminate\Http\Request), Object(Closure))
#46 D:\Laragon\www\admin\highway-xa-qs\vendor\laravel\framework\src\Illuminate\Pipeline\Pipeline.php(124): call_user_func_array(Array, Array)
#47 D:\Laragon\www\admin\highway-xa-qs\vendor\laravel\framework\src\Illuminate\Foundation\Http\Middleware\CheckForMaintenanceMode.php(44): Illuminate\Pipeline\Pipeline->Illuminate\Pipeline\{closure}(Object(Illuminate\Http\Request))
#48 [internal function]: Illuminate\Foundation\Http\Middleware\CheckForMaintenanceMode->handle(Object(Illuminate\Http\Request), Object(Closure))
#49 D:\Laragon\www\admin\highway-xa-qs\vendor\laravel\framework\src\Illuminate\Pipeline\Pipeline.php(124): call_user_func_array(Array, Array)
#50 [internal function]: Illuminate\Pipeline\Pipeline->Illuminate\Pipeline\{closure}(Object(Illuminate\Http\Request))
#51 D:\Laragon\www\admin\highway-xa-qs\vendor\laravel\framework\src\Illuminate\Pipeline\Pipeline.php(102): call_user_func(Object(Closure), Object(Illuminate\Http\Request))
#52 D:\Laragon\www\admin\highway-xa-qs\vendor\laravel\framework\src\Illuminate\Foundation\Http\Kernel.php(122): Illuminate\Pipeline\Pipeline->then(Object(Closure))
#53 D:\Laragon\www\admin\highway-xa-qs\vendor\laravel\framework\src\Illuminate\Foundation\Http\Kernel.php(87): Illuminate\Foundation\Http\Kernel->sendRequestThroughRouter(Object(Illuminate\Http\Request))
#54 D:\Laragon\www\admin\highway-xa-qs\public\index.php(53): Illuminate\Foundation\Http\Kernel->handle(Object(Illuminate\Http\Request))
#55 {main}

Next ErrorException: Undefined variable: info_data (View: D:\Laragon\www\admin\highway-xa-qs\resources\views\stretch\detail_in_warn.blade.php) in D:\Laragon\www\admin\highway-xa-qs\storage\framework\views\c964073158c438b80fc438361f24a3fd:38
Stack trace:
#0 D:\Laragon\www\admin\highway-xa-qs\vendor\laravel\framework\src\Illuminate\View\Engines\PhpEngine.php(44): Illuminate\View\Engines\CompilerEngine->handleViewException(Object(ErrorException), 1)
#1 D:\Laragon\www\admin\highway-xa-qs\vendor\laravel\framework\src\Illuminate\View\Engines\CompilerEngine.php(58): Illuminate\View\Engines\PhpEngine->evaluatePath('D:\\Laragon\\www\\...', Array)
#2 D:\Laragon\www\admin\highway-xa-qs\vendor\laravel\framework\src\Illuminate\View\View.php(147): Illuminate\View\Engines\CompilerEngine->get('D:\\Laragon\\www\\...', Array)
#3 D:\Laragon\www\admin\highway-xa-qs\vendor\laravel\framework\src\Illuminate\View\View.php(118): Illuminate\View\View->getContents()
#4 D:\Laragon\www\admin\highway-xa-qs\vendor\laravel\framework\src\Illuminate\View\View.php(83): Illuminate\View\View->renderContents()
#5 D:\Laragon\www\admin\highway-xa-qs\vendor\laravel\framework\src\Illuminate\Http\Response.php(51): Illuminate\View\View->render()
#6 D:\Laragon\www\admin\highway-xa-qs\vendor\symfony\http-foundation\Response.php(202): Illuminate\Http\Response->setContent(Object(Illuminate\View\View))
#7 D:\Laragon\www\admin\highway-xa-qs\vendor\laravel\framework\src\Illuminate\Routing\Router.php(1229): Symfony\Component\HttpFoundation\Response->__construct(Object(Illuminate\View\View))
#8 D:\Laragon\www\admin\highway-xa-qs\vendor\laravel\framework\src\Illuminate\Routing\ControllerDispatcher.php(112): Illuminate\Routing\Router->prepareResponse(Object(Illuminate\Http\Request), Object(Illuminate\View\View))
#9 [internal function]: Illuminate\Routing\ControllerDispatcher->Illuminate\Routing\{closure}(Object(Illuminate\Http\Request))
#10 D:\Laragon\www\admin\highway-xa-qs\vendor\laravel\framework\src\Illuminate\Pipeline\Pipeline.php(139): call_user_func(Object(Closure), Object(Illuminate\Http\Request))
#11 [internal function]: Illuminate\Pipeline\Pipeline->Illuminate\Pipeline\{closure}(Object(Illuminate\Http\Request))
#12 D:\Laragon\www\admin\highway-xa-qs\vendor\laravel\framework\src\Illuminate\Pipeline\Pipeline.php(102): call_user_func(Object(Closure), Object(Illuminate\Http\Request))
#13 D:\Laragon\www\admin\highway-xa-qs\vendor\laravel\framework\src\Illuminate\Routing\ControllerDispatcher.php(114): Illuminate\Pipeline\Pipeline->then(Object(Closure))
#14 D:\Laragon\www\admin\highway-xa-qs\vendor\laravel\framework\src\Illuminate\Routing\ControllerDispatcher.php(68): Illuminate\Routing\ControllerDispatcher->callWithinStack(Object(App\Http\Controllers\Stretch\StretchController), Object(Illuminate\Routing\Route), Object(Illuminate\Http\Request), 'detailInWarn')
#15 D:\Laragon\www\admin\highway-xa-qs\vendor\laravel\framework\src\Illuminate\Routing\Route.php(203): Illuminate\Routing\ControllerDispatcher->dispatch(Object(Illuminate\Routing\Route), Object(Illuminate\Http\Request), 'App\\Http\\Contro...', 'detailInWarn')
#16 D:\Laragon\www\admin\highway-xa-qs\vendor\laravel\framework\src\Illuminate\Routing\Route.php(134): Illuminate\Routing\Route->runWithCustomDispatcher(Object(Illuminate\Http\Request))
#17 D:\Laragon\www\admin\highway-xa-qs\vendor\laravel\framework\src\Illuminate\Routing\Router.php(708): Illuminate\Routing\Route->run(Object(Illuminate\Http\Request))
#18 [internal function]: Illuminate\Routing\Router->Illuminate\Routing\{closure}(Object(Illuminate\Http\Request))
#19 D:\Laragon\www\admin\highway-xa-qs\vendor\laravel\framework\src\Illuminate\Pipeline\Pipeline.php(139): call_user_func(Object(Closure), Object(Illuminate\Http\Request))
#20 D:\Laragon\www\admin\highway-xa-qs\app\Http\Middleware\Admin.php(159): Illuminate\Pipeline\Pipeline->Illuminate\Pipeline\{closure}(Object(Illuminate\Http\Request))
#21 [internal function]: App\Http\Middleware\Admin->handle(Object(Illuminate\Http\Request), Object(Closure))
#22 D:\Laragon\www\admin\highway-xa-qs\vendor\laravel\framework\src\Illuminate\Pipeline\Pipeline.php(124): call_user_func_array(Array, Array)
#23 [internal function]: Illuminate\Pipeline\Pipeline->Illuminate\Pipeline\{closure}(Object(Illuminate\Http\Request))
#24 D:\Laragon\www\admin\highway-xa-qs\vendor\laravel\framework\src\Illuminate\Pipeline\Pipeline.php(102): call_user_func(Object(Closure), Object(Illuminate\Http\Request))
#25 D:\Laragon\www\admin\highway-xa-qs\vendor\laravel\framework\src\Illuminate\Routing\Router.php(710): Illuminate\Pipeline\Pipeline->then(Object(Closure))
#26 D:\Laragon\www\admin\highway-xa-qs\vendor\laravel\framework\src\Illuminate\Routing\Router.php(674): Illuminate\Routing\Router->runRouteWithinStack(Object(Illuminate\Routing\Route), Object(Illuminate\Http\Request))
#27 D:\Laragon\www\admin\highway-xa-qs\vendor\laravel\framework\src\Illuminate\Routing\Router.php(635): Illuminate\Routing\Router->dispatchToRoute(Object(Illuminate\Http\Request))
#28 D:\Laragon\www\admin\highway-xa-qs\vendor\laravel\framework\src\Illuminate\Foundation\Http\Kernel.php(236): Illuminate\Routing\Router->dispatch(Object(Illuminate\Http\Request))
#29 [internal function]: Illuminate\Foundation\Http\Kernel->Illuminate\Foundation\Http\{closure}(Object(Illuminate\Http\Request))
#30 D:\Laragon\www\admin\highway-xa-qs\vendor\laravel\framework\src\Illuminate\Pipeline\Pipeline.php(139): call_user_func(Object(Closure), Object(Illuminate\Http\Request))
#31 D:\Laragon\www\admin\highway-xa-qs\vendor\laravel\framework\src\Illuminate\Foundation\Http\Middleware\VerifyCsrfToken.php(50): Illuminate\Pipeline\Pipeline->Illuminate\Pipeline\{closure}(Object(Illuminate\Http\Request))
#32 [internal function]: Illuminate\Foundation\Http\Middleware\VerifyCsrfToken->handle(Object(Illuminate\Http\Request), Object(Closure))
#33 D:\Laragon\www\admin\highway-xa-qs\vendor\laravel\framework\src\Illuminate\Pipeline\Pipeline.php(124): call_user_func_array(Array, Array)
#34 D:\Laragon\www\admin\highway-xa-qs\vendor\laravel\framework\src\Illuminate\View\Middleware\ShareErrorsFromSession.php(49): Illuminate\Pipeline\Pipeline->Illuminate\Pipeline\{closure}(Object(Illuminate\Http\Request))
#35 [internal function]: Illuminate\View\Middleware\ShareErrorsFromSession->handle(Object(Illuminate\Http\Request), Object(Closure))
#36 D:\Laragon\www\admin\highway-xa-qs\vendor\laravel\framework\src\Illuminate\Pipeline\Pipeline.php(124): call_user_func_array(Array, Array)
#37 D:\Laragon\www\admin\highway-xa-qs\vendor\laravel\framework\src\Illuminate\Session\Middleware\StartSession.php(62): Illuminate\Pipeline\Pipeline->Illuminate\Pipeline\{closure}(Object(Illuminate\Http\Request))
#38 [internal function]: Illuminate\Session\Middleware\StartSession->handle(Object(Illuminate\Http\Request), Object(Closure))
#39 D:\Laragon\www\admin\highway-xa-qs\vendor\laravel\framework\src\Illuminate\Pipeline\Pipeline.php(124): call_user_func_array(Array, Array)
#40 D:\Laragon\www\admin\highway-xa-qs\vendor\laravel\framework\src\Illuminate\Cookie\Middleware\AddQueuedCookiesToResponse.php(37): Illuminate\Pipeline\Pipeline->Illuminate\Pipeline\{closure}(Object(Illuminate\Http\Request))
#41 [internal function]: Illuminate\Cookie\Middleware\AddQueuedCookiesToResponse->handle(Object(Illuminate\Http\Request), Object(Closure))
#42 D:\Laragon\www\admin\highway-xa-qs\vendor\laravel\framework\src\Illuminate\Pipeline\Pipeline.php(124): call_user_func_array(Array, Array)
#43 D:\Laragon\www\admin\highway-xa-qs\vendor\laravel\framework\src\Illuminate\Cookie\Middleware\EncryptCookies.php(59): Illuminate\Pipeline\Pipeline->Illuminate\Pipeline\{closure}(Object(Illuminate\Http\Request))
#44 [internal function]: Illuminate\Cookie\Middleware\EncryptCookies->handle(Object(Illuminate\Http\Request), Object(Closure))
#45 D:\Laragon\www\admin\highway-xa-qs\vendor\laravel\framework\src\Illuminate\Pipeline\Pipeline.php(124): call_user_func_array(Array, Array)
#46 D:\Laragon\www\admin\highway-xa-qs\vendor\laravel\framework\src\Illuminate\Foundation\Http\Middleware\CheckForMaintenanceMode.php(44): Illuminate\Pipeline\Pipeline->Illuminate\Pipeline\{closure}(Object(Illuminate\Http\Request))
#47 [internal function]: Illuminate\Foundation\Http\Middleware\CheckForMaintenanceMode->handle(Object(Illuminate\Http\Request), Object(Closure))
#48 D:\Laragon\www\admin\highway-xa-qs\vendor\laravel\framework\src\Illuminate\Pipeline\Pipeline.php(124): call_user_func_array(Array, Array)
#49 [internal function]: Illuminate\Pipeline\Pipeline->Illuminate\Pipeline\{closure}(Object(Illuminate\Http\Request))
#50 D:\Laragon\www\admin\highway-xa-qs\vendor\laravel\framework\src\Illuminate\Pipeline\Pipeline.php(102): call_user_func(Object(Closure), Object(Illuminate\Http\Request))
#51 D:\Laragon\www\admin\highway-xa-qs\vendor\laravel\framework\src\Illuminate\Foundation\Http\Kernel.php(122): Illuminate\Pipeline\Pipeline->then(Object(Closure))
#52 D:\Laragon\www\admin\highway-xa-qs\vendor\laravel\framework\src\Illuminate\Foundation\Http\Kernel.php(87): Illuminate\Foundation\Http\Kernel->sendRequestThroughRouter(Object(Illuminate\Http\Request))
#53 D:\Laragon\www\admin\highway-xa-qs\public\index.php(53): Illuminate\Foundation\Http\Kernel->handle(Object(Illuminate\Http\Request))
#54 {main}  
[2018-12-28 15:30:51] local.ERROR: BadMethodCallException: Method [getDetailInWarn] does not exist. in D:\Laragon\www\admin\highway-xa-qs\vendor\laravel\framework\src\Illuminate\Routing\Controller.php:283
Stack trace:
#0 D:\Laragon\www\admin\highway-xa-qs\app\Http\Controllers\Stretch\StretchController.php(261): Illuminate\Routing\Controller->__call('getDetailInWarn', Array)
#1 [internal function]: App\Http\Controllers\Stretch\StretchController->detailInWarn('4')
#2 D:\Laragon\www\admin\highway-xa-qs\vendor\laravel\framework\src\Illuminate\Routing\Controller.php(256): call_user_func_array(Array, Array)
#3 D:\Laragon\www\admin\highway-xa-qs\vendor\laravel\framework\src\Illuminate\Routing\ControllerDispatcher.php(164): Illuminate\Routing\Controller->callAction('detailInWarn', Array)
#4 D:\Laragon\www\admin\highway-xa-qs\vendor\laravel\framework\src\Illuminate\Routing\ControllerDispatcher.php(112): Illuminate\Routing\ControllerDispatcher->call(Object(App\Http\Controllers\Stretch\StretchController), Object(Illuminate\Routing\Route), 'detailInWarn')
#5 [internal function]: Illuminate\Routing\ControllerDispatcher->Illuminate\Routing\{closure}(Object(Illuminate\Http\Request))
#6 D:\Laragon\www\admin\highway-xa-qs\vendor\laravel\framework\src\Illuminate\Pipeline\Pipeline.php(139): call_user_func(Object(Closure), Object(Illuminate\Http\Request))
#7 [internal function]: Illuminate\Pipeline\Pipeline->Illuminate\Pipeline\{closure}(Object(Illuminate\Http\Request))
#8 D:\Laragon\www\admin\highway-xa-qs\vendor\laravel\framework\src\Illuminate\Pipeline\Pipeline.php(102): call_user_func(Object(Closure), Object(Illuminate\Http\Request))
#9 D:\Laragon\www\admin\highway-xa-qs\vendor\laravel\framework\src\Illuminate\Routing\ControllerDispatcher.php(114): Illuminate\Pipeline\Pipeline->then(Object(Closure))
#10 D:\Laragon\www\admin\highway-xa-qs\vendor\laravel\framework\src\Illuminate\Routing\ControllerDispatcher.php(68): Illuminate\Routing\ControllerDispatcher->callWithinStack(Object(App\Http\Controllers\Stretch\StretchController), Object(Illuminate\Routing\Route), Object(Illuminate\Http\Request), 'detailInWarn')
#11 D:\Laragon\www\admin\highway-xa-qs\vendor\laravel\framework\src\Illuminate\Routing\Route.php(203): Illuminate\Routing\ControllerDispatcher->dispatch(Object(Illuminate\Routing\Route), Object(Illuminate\Http\Request), 'App\\Http\\Contro...', 'detailInWarn')
#12 D:\Laragon\www\admin\highway-xa-qs\vendor\laravel\framework\src\Illuminate\Routing\Route.php(134): Illuminate\Routing\Route->runWithCustomDispatcher(Object(Illuminate\Http\Request))
#13 D:\Laragon\www\admin\highway-xa-qs\vendor\laravel\framework\src\Illuminate\Routing\Router.php(708): Illuminate\Routing\Route->run(Object(Illuminate\Http\Request))
#14 [internal function]: Illuminate\Routing\Router->Illuminate\Routing\{closure}(Object(Illuminate\Http\Request))
#15 D:\Laragon\www\admin\highway-xa-qs\vendor\laravel\framework\src\Illuminate\Pipeline\Pipeline.php(139): call_user_func(Object(Closure), Object(Illuminate\Http\Request))
#16 D:\Laragon\www\admin\highway-xa-qs\app\Http\Middleware\Admin.php(159): Illuminate\Pipeline\Pipeline->Illuminate\Pipeline\{closure}(Object(Illuminate\Http\Request))
#17 [internal function]: App\Http\Middleware\Admin->handle(Object(Illuminate\Http\Request), Object(Closure))
#18 D:\Laragon\www\admin\highway-xa-qs\vendor\laravel\framework\src\Illuminate\Pipeline\Pipeline.php(124): call_user_func_array(Array, Array)
#19 [internal function]: Illuminate\Pipeline\Pipeline->Illuminate\Pipeline\{closure}(Object(Illuminate\Http\Request))
#20 D:\Laragon\www\admin\highway-xa-qs\vendor\laravel\framework\src\Illuminate\Pipeline\Pipeline.php(102): call_user_func(Object(Closure), Object(Illuminate\Http\Request))
#21 D:\Laragon\www\admin\highway-xa-qs\vendor\laravel\framework\src\Illuminate\Routing\Router.php(710): Illuminate\Pipeline\Pipeline->then(Object(Closure))
#22 D:\Laragon\www\admin\highway-xa-qs\vendor\laravel\framework\src\Illuminate\Routing\Router.php(674): Illuminate\Routing\Router->runRouteWithinStack(Object(Illuminate\Routing\Route), Object(Illuminate\Http\Request))
#23 D:\Laragon\www\admin\highway-xa-qs\vendor\laravel\framework\src\Illuminate\Routing\Router.php(635): Illuminate\Routing\Router->dispatchToRoute(Object(Illuminate\Http\Request))
#24 D:\Laragon\www\admin\highway-xa-qs\vendor\laravel\framework\src\Illuminate\Foundation\Http\Kernel.php(236): Illuminate\Routing\Router->dispatch(Object(Illuminate\Http\Request))
#25 [internal function]: Illuminate\Foundation\Http\Kernel->Illuminate\Foundation\Http\{closure}(Object(Illuminate\Http\Request))
#26 D:\Laragon\www\admin\highway-xa-qs\vendor\laravel\framework\src\Illuminate\Pipeline\Pipeline.php(139): call_user_func(Object(Closure), Object(Illuminate\Http\Request))
#27 D:\Laragon\www\admin\highway-xa-qs\vendor\laravel\framework\src\Illuminate\Foundation\Http\Middleware\VerifyCsrfToken.php(50): Illuminate\Pipeline\Pipeline->Illuminate\Pipeline\{closure}(Object(Illuminate\Http\Request))
#28 [internal function]: Illuminate\Foundation\Http\Middleware\VerifyCsrfToken->handle(Object(Illuminate\Http\Request), Object(Closure))
#29 D:\Laragon\www\admin\highway-xa-qs\vendor\laravel\framework\src\Illuminate\Pipeline\Pipeline.php(124): call_user_func_array(Array, Array)
#30 D:\Laragon\www\admin\highway-xa-qs\vendor\laravel\framework\src\Illuminate\View\Middleware\ShareErrorsFromSession.php(49): Illuminate\Pipeline\Pipeline->Illuminate\Pipeline\{closure}(Object(Illuminate\Http\Request))
#31 [internal function]: Illuminate\View\Middleware\ShareErrorsFromSession->handle(Object(Illuminate\Http\Request), Object(Closure))
#32 D:\Laragon\www\admin\highway-xa-qs\vendor\laravel\framework\src\Illuminate\Pipeline\Pipeline.php(124): call_user_func_array(Array, Array)
#33 D:\Laragon\www\admin\highway-xa-qs\vendor\laravel\framework\src\Illuminate\Session\Middleware\StartSession.php(62): Illuminate\Pipeline\Pipeline->Illuminate\Pipeline\{closure}(Object(Illuminate\Http\Request))
#34 [internal function]: Illuminate\Session\Middleware\StartSession->handle(Object(Illuminate\Http\Request), Object(Closure))
#35 D:\Laragon\www\admin\highway-xa-qs\vendor\laravel\framework\src\Illuminate\Pipeline\Pipeline.php(124): call_user_func_array(Array, Array)
#36 D:\Laragon\www\admin\highway-xa-qs\vendor\laravel\framework\src\Illuminate\Cookie\Middleware\AddQueuedCookiesToResponse.php(37): Illuminate\Pipeline\Pipeline->Illuminate\Pipeline\{closure}(Object(Illuminate\Http\Request))
#37 [internal function]: Illuminate\Cookie\Middleware\AddQueuedCookiesToResponse->handle(Object(Illuminate\Http\Request), Object(Closure))
#38 D:\Laragon\www\admin\highway-xa-qs\vendor\laravel\framework\src\Illuminate\Pipeline\Pipeline.php(124): call_user_func_array(Array, Array)
#39 D:\Laragon\www\admin\highway-xa-qs\vendor\laravel\framework\src\Illuminate\Cookie\Middleware\EncryptCookies.php(59): Illuminate\Pipeline\Pipeline->Illuminate\Pipeline\{closure}(Object(Illuminate\Http\Request))
#40 [internal function]: Illuminate\Cookie\Middleware\EncryptCookies->handle(Object(Illuminate\Http\Request), Object(Closure))
#41 D:\Laragon\www\admin\highway-xa-qs\vendor\laravel\framework\src\Illuminate\Pipeline\Pipeline.php(124): call_user_func_array(Array, Array)
#42 D:\Laragon\www\admin\highway-xa-qs\vendor\laravel\framework\src\Illuminate\Foundation\Http\Middleware\CheckForMaintenanceMode.php(44): Illuminate\Pipeline\Pipeline->Illuminate\Pipeline\{closure}(Object(Illuminate\Http\Request))
#43 [internal function]: Illuminate\Foundation\Http\Middleware\CheckForMaintenanceMode->handle(Object(Illuminate\Http\Request), Object(Closure))
#44 D:\Laragon\www\admin\highway-xa-qs\vendor\laravel\framework\src\Illuminate\Pipeline\Pipeline.php(124): call_user_func_array(Array, Array)
#45 [internal function]: Illuminate\Pipeline\Pipeline->Illuminate\Pipeline\{closure}(Object(Illuminate\Http\Request))
#46 D:\Laragon\www\admin\highway-xa-qs\vendor\laravel\framework\src\Illuminate\Pipeline\Pipeline.php(102): call_user_func(Object(Closure), Object(Illuminate\Http\Request))
#47 D:\Laragon\www\admin\highway-xa-qs\vendor\laravel\framework\src\Illuminate\Foundation\Http\Kernel.php(122): Illuminate\Pipeline\Pipeline->then(Object(Closure))
#48 D:\Laragon\www\admin\highway-xa-qs\vendor\laravel\framework\src\Illuminate\Foundation\Http\Kernel.php(87): Illuminate\Foundation\Http\Kernel->sendRequestThroughRouter(Object(Illuminate\Http\Request))
#49 D:\Laragon\www\admin\highway-xa-qs\public\index.php(53): Illuminate\Foundation\Http\Kernel->handle(Object(Illuminate\Http\Request))
#50 {main}  
[2018-12-28 15:43:51] local.ERROR: BadMethodCallException: Call to undefined method Illuminate\Database\Query\Builder::info() in D:\Laragon\www\admin\highway-xa-qs\vendor\laravel\framework\src\Illuminate\Database\Query\Builder.php:2123
Stack trace:
#0 [internal function]: Illuminate\Database\Query\Builder->__call('info', Array)
#1 D:\Laragon\www\admin\highway-xa-qs\vendor\laravel\framework\src\Illuminate\Database\Eloquent\Builder.php(1015): call_user_func_array(Array, Array)
#2 [internal function]: Illuminate\Database\Eloquent\Builder->__call('info', Array)
#3 D:\Laragon\www\admin\highway-xa-qs\vendor\laravel\framework\src\Illuminate\Database\Eloquent\Model.php(3444): call_user_func_array(Array, Array)
#4 D:\Laragon\www\admin\highway-xa-qs\vendor\laravel\framework\src\Illuminate\Database\Eloquent\Builder.php(545): Illuminate\Database\Eloquent\Model->__call('info', Array)
#5 [internal function]: Illuminate\Database\Eloquent\Builder->Illuminate\Database\Eloquent\{closure}()
#6 D:\Laragon\www\admin\highway-xa-qs\vendor\laravel\framework\src\Illuminate\Database\Eloquent\Relations\Relation.php(171): call_user_func(Object(Closure))
#7 D:\Laragon\www\admin\highway-xa-qs\vendor\laravel\framework\src\Illuminate\Database\Eloquent\Builder.php(546): Illuminate\Database\Eloquent\Relations\Relation::noConstraints(Object(Closure))
#8 D:\Laragon\www\admin\highway-xa-qs\vendor\laravel\framework\src\Illuminate\Database\Eloquent\Builder.php(517): Illuminate\Database\Eloquent\Builder->getRelation('info')
#9 D:\Laragon\www\admin\highway-xa-qs\vendor\laravel\framework\src\Illuminate\Database\Eloquent\Builder.php(497): Illuminate\Database\Eloquent\Builder->loadRelation(Array, 'info', Object(Closure))
#10 D:\Laragon\www\admin\highway-xa-qs\vendor\laravel\framework\src\Illuminate\Database\Eloquent\Builder.php(240): Illuminate\Database\Eloquent\Builder->eagerLoadRelations(Array)
#11 D:\Laragon\www\admin\highway-xa-qs\vendor\laravel\framework\src\Illuminate\Database\Eloquent\Builder.php(206): Illuminate\Database\Eloquent\Builder->get(Array)
#12 D:\Laragon\www\admin\highway-xa-qs\app\Http\Controllers\Stretch\BaseController.php(624): Illuminate\Database\Eloquent\Builder->first()
#13 D:\Laragon\www\admin\highway-xa-qs\app\Http\Controllers\Stretch\StretchController.php(262): App\Http\Controllers\Stretch\BaseController->getDetailInWarn(Object(App\Models\Stretch\StretchInfoDetail), '4')
#14 [internal function]: App\Http\Controllers\Stretch\StretchController->detailInWarn('4')
#15 D:\Laragon\www\admin\highway-xa-qs\vendor\laravel\framework\src\Illuminate\Routing\Controller.php(256): call_user_func_array(Array, Array)
#16 D:\Laragon\www\admin\highway-xa-qs\vendor\laravel\framework\src\Illuminate\Routing\ControllerDispatcher.php(164): Illuminate\Routing\Controller->callAction('detailInWarn', Array)
#17 D:\Laragon\www\admin\highway-xa-qs\vendor\laravel\framework\src\Illuminate\Routing\ControllerDispatcher.php(112): Illuminate\Routing\ControllerDispatcher->call(Object(App\Http\Controllers\Stretch\StretchController), Object(Illuminate\Routing\Route), 'detailInWarn')
#18 [internal function]: Illuminate\Routing\ControllerDispatcher->Illuminate\Routing\{closure}(Object(Illuminate\Http\Request))
#19 D:\Laragon\www\admin\highway-xa-qs\vendor\laravel\framework\src\Illuminate\Pipeline\Pipeline.php(139): call_user_func(Object(Closure), Object(Illuminate\Http\Request))
#20 [internal function]: Illuminate\Pipeline\Pipeline->Illuminate\Pipeline\{closure}(Object(Illuminate\Http\Request))
#21 D:\Laragon\www\admin\highway-xa-qs\vendor\laravel\framework\src\Illuminate\Pipeline\Pipeline.php(102): call_user_func(Object(Closure), Object(Illuminate\Http\Request))
#22 D:\Laragon\www\admin\highway-xa-qs\vendor\laravel\framework\src\Illuminate\Routing\ControllerDispatcher.php(114): Illuminate\Pipeline\Pipeline->then(Object(Closure))
#23 D:\Laragon\www\admin\highway-xa-qs\vendor\laravel\framework\src\Illuminate\Routing\ControllerDispatcher.php(68): Illuminate\Routing\ControllerDispatcher->callWithinStack(Object(App\Http\Controllers\Stretch\StretchController), Object(Illuminate\Routing\Route), Object(Illuminate\Http\Request), 'detailInWarn')
#24 D:\Laragon\www\admin\highway-xa-qs\vendor\laravel\framework\src\Illuminate\Routing\Route.php(203): Illuminate\Routing\ControllerDispatcher->dispatch(Object(Illuminate\Routing\Route), Object(Illuminate\Http\Request), 'App\\Http\\Contro...', 'detailInWarn')
#25 D:\Laragon\www\admin\highway-xa-qs\vendor\laravel\framework\src\Illuminate\Routing\Route.php(134): Illuminate\Routing\Route->runWithCustomDispatcher(Object(Illuminate\Http\Request))
#26 D:\Laragon\www\admin\highway-xa-qs\vendor\laravel\framework\src\Illuminate\Routing\Router.php(708): Illuminate\Routing\Route->run(Object(Illuminate\Http\Request))
#27 [internal function]: Illuminate\Routing\Router->Illuminate\Routing\{closure}(Object(Illuminate\Http\Request))
#28 D:\Laragon\www\admin\highway-xa-qs\vendor\laravel\framework\src\Illuminate\Pipeline\Pipeline.php(139): call_user_func(Object(Closure), Object(Illuminate\Http\Request))
#29 D:\Laragon\www\admin\highway-xa-qs\app\Http\Middleware\Admin.php(159): Illuminate\Pipeline\Pipeline->Illuminate\Pipeline\{closure}(Object(Illuminate\Http\Request))
#30 [internal function]: App\Http\Middleware\Admin->handle(Object(Illuminate\Http\Request), Object(Closure))
#31 D:\Laragon\www\admin\highway-xa-qs\vendor\laravel\framework\src\Illuminate\Pipeline\Pipeline.php(124): call_user_func_array(Array, Array)
#32 [internal function]: Illuminate\Pipeline\Pipeline->Illuminate\Pipeline\{closure}(Object(Illuminate\Http\Request))
#33 D:\Laragon\www\admin\highway-xa-qs\vendor\laravel\framework\src\Illuminate\Pipeline\Pipeline.php(102): call_user_func(Object(Closure), Object(Illuminate\Http\Request))
#34 D:\Laragon\www\admin\highway-xa-qs\vendor\laravel\framework\src\Illuminate\Routing\Router.php(710): Illuminate\Pipeline\Pipeline->then(Object(Closure))
#35 D:\Laragon\www\admin\highway-xa-qs\vendor\laravel\framework\src\Illuminate\Routing\Router.php(674): Illuminate\Routing\Router->runRouteWithinStack(Object(Illuminate\Routing\Route), Object(Illuminate\Http\Request))
#36 D:\Laragon\www\admin\highway-xa-qs\vendor\laravel\framework\src\Illuminate\Routing\Router.php(635): Illuminate\Routing\Router->dispatchToRoute(Object(Illuminate\Http\Request))
#37 D:\Laragon\www\admin\highway-xa-qs\vendor\laravel\framework\src\Illuminate\Foundation\Http\Kernel.php(236): Illuminate\Routing\Router->dispatch(Object(Illuminate\Http\Request))
#38 [internal function]: Illuminate\Foundation\Http\Kernel->Illuminate\Foundation\Http\{closure}(Object(Illuminate\Http\Request))
#39 D:\Laragon\www\admin\highway-xa-qs\vendor\laravel\framework\src\Illuminate\Pipeline\Pipeline.php(139): call_user_func(Object(Closure), Object(Illuminate\Http\Request))
#40 D:\Laragon\www\admin\highway-xa-qs\vendor\laravel\framework\src\Illuminate\Foundation\Http\Middleware\VerifyCsrfToken.php(50): Illuminate\Pipeline\Pipeline->Illuminate\Pipeline\{closure}(Object(Illuminate\Http\Request))
#41 [internal function]: Illuminate\Foundation\Http\Middleware\VerifyCsrfToken->handle(Object(Illuminate\Http\Request), Object(Closure))
#42 D:\Laragon\www\admin\highway-xa-qs\vendor\laravel\framework\src\Illuminate\Pipeline\Pipeline.php(124): call_user_func_array(Array, Array)
#43 D:\Laragon\www\admin\highway-xa-qs\vendor\laravel\framework\src\Illuminate\View\Middleware\ShareErrorsFromSession.php(49): Illuminate\Pipeline\Pipeline->Illuminate\Pipeline\{closure}(Object(Illuminate\Http\Request))
#44 [internal function]: Illuminate\View\Middleware\ShareErrorsFromSession->handle(Object(Illuminate\Http\Request), Object(Closure))
#45 D:\Laragon\www\admin\highway-xa-qs\vendor\laravel\framework\src\Illuminate\Pipeline\Pipeline.php(124): call_user_func_array(Array, Array)
#46 D:\Laragon\www\admin\highway-xa-qs\vendor\laravel\framework\src\Illuminate\Session\Middleware\StartSession.php(62): Illuminate\Pipeline\Pipeline->Illuminate\Pipeline\{closure}(Object(Illuminate\Http\Request))
#47 [internal function]: Illuminate\Session\Middleware\StartSession->handle(Object(Illuminate\Http\Request), Object(Closure))
#48 D:\Laragon\www\admin\highway-xa-qs\vendor\laravel\framework\src\Illuminate\Pipeline\Pipeline.php(124): call_user_func_array(Array, Array)
#49 D:\Laragon\www\admin\highway-xa-qs\vendor\laravel\framework\src\Illuminate\Cookie\Middleware\AddQueuedCookiesToResponse.php(37): Illuminate\Pipeline\Pipeline->Illuminate\Pipeline\{closure}(Object(Illuminate\Http\Request))
#50 [internal function]: Illuminate\Cookie\Middleware\AddQueuedCookiesToResponse->handle(Object(Illuminate\Http\Request), Object(Closure))
#51 D:\Laragon\www\admin\highway-xa-qs\vendor\laravel\framework\src\Illuminate\Pipeline\Pipeline.php(124): call_user_func_array(Array, Array)
#52 D:\Laragon\www\admin\highway-xa-qs\vendor\laravel\framework\src\Illuminate\Cookie\Middleware\EncryptCookies.php(59): Illuminate\Pipeline\Pipeline->Illuminate\Pipeline\{closure}(Object(Illuminate\Http\Request))
#53 [internal function]: Illuminate\Cookie\Middleware\EncryptCookies->handle(Object(Illuminate\Http\Request), Object(Closure))
#54 D:\Laragon\www\admin\highway-xa-qs\vendor\laravel\framework\src\Illuminate\Pipeline\Pipeline.php(124): call_user_func_array(Array, Array)
#55 D:\Laragon\www\admin\highway-xa-qs\vendor\laravel\framework\src\Illuminate\Foundation\Http\Middleware\CheckForMaintenanceMode.php(44): Illuminate\Pipeline\Pipeline->Illuminate\Pipeline\{closure}(Object(Illuminate\Http\Request))
#56 [internal function]: Illuminate\Foundation\Http\Middleware\CheckForMaintenanceMode->handle(Object(Illuminate\Http\Request), Object(Closure))
#57 D:\Laragon\www\admin\highway-xa-qs\vendor\laravel\framework\src\Illuminate\Pipeline\Pipeline.php(124): call_user_func_array(Array, Array)
#58 [internal function]: Illuminate\Pipeline\Pipeline->Illuminate\Pipeline\{closure}(Object(Illuminate\Http\Request))
#59 D:\Laragon\www\admin\highway-xa-qs\vendor\laravel\framework\src\Illuminate\Pipeline\Pipeline.php(102): call_user_func(Object(Closure), Object(Illuminate\Http\Request))
#60 D:\Laragon\www\admin\highway-xa-qs\vendor\laravel\framework\src\Illuminate\Foundation\Http\Kernel.php(122): Illuminate\Pipeline\Pipeline->then(Object(Closure))
#61 D:\Laragon\www\admin\highway-xa-qs\vendor\laravel\framework\src\Illuminate\Foundation\Http\Kernel.php(87): Illuminate\Foundation\Http\Kernel->sendRequestThroughRouter(Object(Illuminate\Http\Request))
#62 D:\Laragon\www\admin\highway-xa-qs\public\index.php(53): Illuminate\Foundation\Http\Kernel->handle(Object(Illuminate\Http\Request))
#63 {main}  
[2018-12-28 15:44:51] local.ERROR: BadMethodCallException: Call to undefined method Illuminate\Database\Query\Builder::info() in D:\Laragon\www\admin\highway-xa-qs\vendor\laravel\framework\src\Illuminate\Database\Query\Builder.php:2123
Stack trace:
#0 [internal function]: Illuminate\Database\Query\Builder->__call('info', Array)
#1 D:\Laragon\www\admin\highway-xa-qs\vendor\laravel\framework\src\Illuminate\Database\Eloquent\Builder.php(1015): call_user_func_array(Array, Array)
#2 [internal function]: Illuminate\Database\Eloquent\Builder->__call('info', Array)
#3 D:\Laragon\www\admin\highway-xa-qs\vendor\laravel\framework\src\Illuminate\Database\Eloquent\Model.php(3444): call_user_func_array(Array, Array)
#4 D:\Laragon\www\admin\highway-xa-qs\vendor\laravel\framework\src\Illuminate\Database\Eloquent\Builder.php(545): Illuminate\Database\Eloquent\Model->__call('info', Array)
#5 [internal function]: Illuminate\Database\Eloquent\Builder->Illuminate\Database\Eloquent\{closure}()
#6 D:\Laragon\www\admin\highway-xa-qs\vendor\laravel\framework\src\Illuminate\Database\Eloquent\Relations\Relation.php(171): call_user_func(Object(Closure))
#7 D:\Laragon\www\admin\highway-xa-qs\vendor\laravel\framework\src\Illuminate\Database\Eloquent\Builder.php(546): Illuminate\Database\Eloquent\Relations\Relation::noConstraints(Object(Closure))
#8 D:\Laragon\www\admin\highway-xa-qs\vendor\laravel\framework\src\Illuminate\Database\Eloquent\Builder.php(517): Illuminate\Database\Eloquent\Builder->getRelation('info')
#9 D:\Laragon\www\admin\highway-xa-qs\vendor\laravel\framework\src\Illuminate\Database\Eloquent\Builder.php(497): Illuminate\Database\Eloquent\Builder->loadRelation(Array, 'info', Object(Closure))
#10 D:\Laragon\www\admin\highway-xa-qs\vendor\laravel\framework\src\Illuminate\Database\Eloquent\Builder.php(240): Illuminate\Database\Eloquent\Builder->eagerLoadRelations(Array)
#11 D:\Laragon\www\admin\highway-xa-qs\vendor\laravel\framework\src\Illuminate\Database\Eloquent\Builder.php(206): Illuminate\Database\Eloquent\Builder->get(Array)
#12 D:\Laragon\www\admin\highway-xa-qs\app\Http\Controllers\Stretch\BaseController.php(624): Illuminate\Database\Eloquent\Builder->first()
#13 D:\Laragon\www\admin\highway-xa-qs\app\Http\Controllers\Stretch\StretchController.php(262): App\Http\Controllers\Stretch\BaseController->getDetailInWarn(Object(App\Models\Stretch\StretchInfoDetail), '4')
#14 [internal function]: App\Http\Controllers\Stretch\StretchController->detailInWarn('4')
#15 D:\Laragon\www\admin\highway-xa-qs\vendor\laravel\framework\src\Illuminate\Routing\Controller.php(256): call_user_func_array(Array, Array)
#16 D:\Laragon\www\admin\highway-xa-qs\vendor\laravel\framework\src\Illuminate\Routing\ControllerDispatcher.php(164): Illuminate\Routing\Controller->callAction('detailInWarn', Array)
#17 D:\Laragon\www\admin\highway-xa-qs\vendor\laravel\framework\src\Illuminate\Routing\ControllerDispatcher.php(112): Illuminate\Routing\ControllerDispatcher->call(Object(App\Http\Controllers\Stretch\StretchController), Object(Illuminate\Routing\Route), 'detailInWarn')
#18 [internal function]: Illuminate\Routing\ControllerDispatcher->Illuminate\Routing\{closure}(Object(Illuminate\Http\Request))
#19 D:\Laragon\www\admin\highway-xa-qs\vendor\laravel\framework\src\Illuminate\Pipeline\Pipeline.php(139): call_user_func(Object(Closure), Object(Illuminate\Http\Request))
#20 [internal function]: Illuminate\Pipeline\Pipeline->Illuminate\Pipeline\{closure}(Object(Illuminate\Http\Request))
#21 D:\Laragon\www\admin\highway-xa-qs\vendor\laravel\framework\src\Illuminate\Pipeline\Pipeline.php(102): call_user_func(Object(Closure), Object(Illuminate\Http\Request))
#22 D:\Laragon\www\admin\highway-xa-qs\vendor\laravel\framework\src\Illuminate\Routing\ControllerDispatcher.php(114): Illuminate\Pipeline\Pipeline->then(Object(Closure))
#23 D:\Laragon\www\admin\highway-xa-qs\vendor\laravel\framework\src\Illuminate\Routing\ControllerDispatcher.php(68): Illuminate\Routing\ControllerDispatcher->callWithinStack(Object(App\Http\Controllers\Stretch\StretchController), Object(Illuminate\Routing\Route), Object(Illuminate\Http\Request), 'detailInWarn')
#24 D:\Laragon\www\admin\highway-xa-qs\vendor\laravel\framework\src\Illuminate\Routing\Route.php(203): Illuminate\Routing\ControllerDispatcher->dispatch(Object(Illuminate\Routing\Route), Object(Illuminate\Http\Request), 'App\\Http\\Contro...', 'detailInWarn')
#25 D:\Laragon\www\admin\highway-xa-qs\vendor\laravel\framework\src\Illuminate\Routing\Route.php(134): Illuminate\Routing\Route->runWithCustomDispatcher(Object(Illuminate\Http\Request))
#26 D:\Laragon\www\admin\highway-xa-qs\vendor\laravel\framework\src\Illuminate\Routing\Router.php(708): Illuminate\Routing\Route->run(Object(Illuminate\Http\Request))
#27 [internal function]: Illuminate\Routing\Router->Illuminate\Routing\{closure}(Object(Illuminate\Http\Request))
#28 D:\Laragon\www\admin\highway-xa-qs\vendor\laravel\framework\src\Illuminate\Pipeline\Pipeline.php(139): call_user_func(Object(Closure), Object(Illuminate\Http\Request))
#29 D:\Laragon\www\admin\highway-xa-qs\app\Http\Middleware\Admin.php(159): Illuminate\Pipeline\Pipeline->Illuminate\Pipeline\{closure}(Object(Illuminate\Http\Request))
#30 [internal function]: App\Http\Middleware\Admin->handle(Object(Illuminate\Http\Request), Object(Closure))
#31 D:\Laragon\www\admin\highway-xa-qs\vendor\laravel\framework\src\Illuminate\Pipeline\Pipeline.php(124): call_user_func_array(Array, Array)
#32 [internal function]: Illuminate\Pipeline\Pipeline->Illuminate\Pipeline\{closure}(Object(Illuminate\Http\Request))
#33 D:\Laragon\www\admin\highway-xa-qs\vendor\laravel\framework\src\Illuminate\Pipeline\Pipeline.php(102): call_user_func(Object(Closure), Object(Illuminate\Http\Request))
#34 D:\Laragon\www\admin\highway-xa-qs\vendor\laravel\framework\src\Illuminate\Routing\Router.php(710): Illuminate\Pipeline\Pipeline->then(Object(Closure))
#35 D:\Laragon\www\admin\highway-xa-qs\vendor\laravel\framework\src\Illuminate\Routing\Router.php(674): Illuminate\Routing\Router->runRouteWithinStack(Object(Illuminate\Routing\Route), Object(Illuminate\Http\Request))
#36 D:\Laragon\www\admin\highway-xa-qs\vendor\laravel\framework\src\Illuminate\Routing\Router.php(635): Illuminate\Routing\Router->dispatchToRoute(Object(Illuminate\Http\Request))
#37 D:\Laragon\www\admin\highway-xa-qs\vendor\laravel\framework\src\Illuminate\Foundation\Http\Kernel.php(236): Illuminate\Routing\Router->dispatch(Object(Illuminate\Http\Request))
#38 [internal function]: Illuminate\Foundation\Http\Kernel->Illuminate\Foundation\Http\{closure}(Object(Illuminate\Http\Request))
#39 D:\Laragon\www\admin\highway-xa-qs\vendor\laravel\framework\src\Illuminate\Pipeline\Pipeline.php(139): call_user_func(Object(Closure), Object(Illuminate\Http\Request))
#40 D:\Laragon\www\admin\highway-xa-qs\vendor\laravel\framework\src\Illuminate\Foundation\Http\Middleware\VerifyCsrfToken.php(50): Illuminate\Pipeline\Pipeline->Illuminate\Pipeline\{closure}(Object(Illuminate\Http\Request))
#41 [internal function]: Illuminate\Foundation\Http\Middleware\VerifyCsrfToken->handle(Object(Illuminate\Http\Request), Object(Closure))
#42 D:\Laragon\www\admin\highway-xa-qs\vendor\laravel\framework\src\Illuminate\Pipeline\Pipeline.php(124): call_user_func_array(Array, Array)
#43 D:\Laragon\www\admin\highway-xa-qs\vendor\laravel\framework\src\Illuminate\View\Middleware\ShareErrorsFromSession.php(49): Illuminate\Pipeline\Pipeline->Illuminate\Pipeline\{closure}(Object(Illuminate\Http\Request))
#44 [internal function]: Illuminate\View\Middleware\ShareErrorsFromSession->handle(Object(Illuminate\Http\Request), Object(Closure))
#45 D:\Laragon\www\admin\highway-xa-qs\vendor\laravel\framework\src\Illuminate\Pipeline\Pipeline.php(124): call_user_func_array(Array, Array)
#46 D:\Laragon\www\admin\highway-xa-qs\vendor\laravel\framework\src\Illuminate\Session\Middleware\StartSession.php(62): Illuminate\Pipeline\Pipeline->Illuminate\Pipeline\{closure}(Object(Illuminate\Http\Request))
#47 [internal function]: Illuminate\Session\Middleware\StartSession->handle(Object(Illuminate\Http\Request), Object(Closure))
#48 D:\Laragon\www\admin\highway-xa-qs\vendor\laravel\framework\src\Illuminate\Pipeline\Pipeline.php(124): call_user_func_array(Array, Array)
#49 D:\Laragon\www\admin\highway-xa-qs\vendor\laravel\framework\src\Illuminate\Cookie\Middleware\AddQueuedCookiesToResponse.php(37): Illuminate\Pipeline\Pipeline->Illuminate\Pipeline\{closure}(Object(Illuminate\Http\Request))
#50 [internal function]: Illuminate\Cookie\Middleware\AddQueuedCookiesToResponse->handle(Object(Illuminate\Http\Request), Object(Closure))
#51 D:\Laragon\www\admin\highway-xa-qs\vendor\laravel\framework\src\Illuminate\Pipeline\Pipeline.php(124): call_user_func_array(Array, Array)
#52 D:\Laragon\www\admin\highway-xa-qs\vendor\laravel\framework\src\Illuminate\Cookie\Middleware\EncryptCookies.php(59): Illuminate\Pipeline\Pipeline->Illuminate\Pipeline\{closure}(Object(Illuminate\Http\Request))
#53 [internal function]: Illuminate\Cookie\Middleware\EncryptCookies->handle(Object(Illuminate\Http\Request), Object(Closure))
#54 D:\Laragon\www\admin\highway-xa-qs\vendor\laravel\framework\src\Illuminate\Pipeline\Pipeline.php(124): call_user_func_array(Array, Array)
#55 D:\Laragon\www\admin\highway-xa-qs\vendor\laravel\framework\src\Illuminate\Foundation\Http\Middleware\CheckForMaintenanceMode.php(44): Illuminate\Pipeline\Pipeline->Illuminate\Pipeline\{closure}(Object(Illuminate\Http\Request))
#56 [internal function]: Illuminate\Foundation\Http\Middleware\CheckForMaintenanceMode->handle(Object(Illuminate\Http\Request), Object(Closure))
#57 D:\Laragon\www\admin\highway-xa-qs\vendor\laravel\framework\src\Illuminate\Pipeline\Pipeline.php(124): call_user_func_array(Array, Array)
#58 [internal function]: Illuminate\Pipeline\Pipeline->Illuminate\Pipeline\{closure}(Object(Illuminate\Http\Request))
#59 D:\Laragon\www\admin\highway-xa-qs\vendor\laravel\framework\src\Illuminate\Pipeline\Pipeline.php(102): call_user_func(Object(Closure), Object(Illuminate\Http\Request))
#60 D:\Laragon\www\admin\highway-xa-qs\vendor\laravel\framework\src\Illuminate\Foundation\Http\Kernel.php(122): Illuminate\Pipeline\Pipeline->then(Object(Closure))
#61 D:\Laragon\www\admin\highway-xa-qs\vendor\laravel\framework\src\Illuminate\Foundation\Http\Kernel.php(87): Illuminate\Foundation\Http\Kernel->sendRequestThroughRouter(Object(Illuminate\Http\Request))
#62 D:\Laragon\www\admin\highway-xa-qs\public\index.php(53): Illuminate\Foundation\Http\Kernel->handle(Object(Illuminate\Http\Request))
#63 {main}  
[2018-12-28 15:45:52] local.ERROR: Symfony\Component\Debug\Exception\FatalThrowableError: Call to a member function addEagerConstraints() on null in D:\Laragon\www\admin\highway-xa-qs\vendor\laravel\framework\src\Illuminate\Database\Eloquent\Builder.php:519
Stack trace:
#0 D:\Laragon\www\admin\highway-xa-qs\vendor\laravel\framework\src\Illuminate\Database\Eloquent\Builder.php(497): Illuminate\Database\Eloquent\Builder->loadRelation(Array, 'info', Object(Closure))
#1 D:\Laragon\www\admin\highway-xa-qs\vendor\laravel\framework\src\Illuminate\Database\Eloquent\Builder.php(240): Illuminate\Database\Eloquent\Builder->eagerLoadRelations(Array)
#2 D:\Laragon\www\admin\highway-xa-qs\vendor\laravel\framework\src\Illuminate\Database\Eloquent\Builder.php(206): Illuminate\Database\Eloquent\Builder->get(Array)
#3 D:\Laragon\www\admin\highway-xa-qs\app\Http\Controllers\Stretch\BaseController.php(624): Illuminate\Database\Eloquent\Builder->first()
#4 D:\Laragon\www\admin\highway-xa-qs\app\Http\Controllers\Stretch\StretchController.php(262): App\Http\Controllers\Stretch\BaseController->getDetailInWarn(Object(App\Models\Stretch\StretchInfoDetail), '4')
#5 [internal function]: App\Http\Controllers\Stretch\StretchController->detailInWarn('4')
#6 D:\Laragon\www\admin\highway-xa-qs\vendor\laravel\framework\src\Illuminate\Routing\Controller.php(256): call_user_func_array(Array, Array)
#7 D:\Laragon\www\admin\highway-xa-qs\vendor\laravel\framework\src\Illuminate\Routing\ControllerDispatcher.php(164): Illuminate\Routing\Controller->callAction('detailInWarn', Array)
#8 D:\Laragon\www\admin\highway-xa-qs\vendor\laravel\framework\src\Illuminate\Routing\ControllerDispatcher.php(112): Illuminate\Routing\ControllerDispatcher->call(Object(App\Http\Controllers\Stretch\StretchController), Object(Illuminate\Routing\Route), 'detailInWarn')
#9 [internal function]: Illuminate\Routing\ControllerDispatcher->Illuminate\Routing\{closure}(Object(Illuminate\Http\Request))
#10 D:\Laragon\www\admin\highway-xa-qs\vendor\laravel\framework\src\Illuminate\Pipeline\Pipeline.php(139): call_user_func(Object(Closure), Object(Illuminate\Http\Request))
#11 [internal function]: Illuminate\Pipeline\Pipeline->Illuminate\Pipeline\{closure}(Object(Illuminate\Http\Request))
#12 D:\Laragon\www\admin\highway-xa-qs\vendor\laravel\framework\src\Illuminate\Pipeline\Pipeline.php(102): call_user_func(Object(Closure), Object(Illuminate\Http\Request))
#13 D:\Laragon\www\admin\highway-xa-qs\vendor\laravel\framework\src\Illuminate\Routing\ControllerDispatcher.php(114): Illuminate\Pipeline\Pipeline->then(Object(Closure))
#14 D:\Laragon\www\admin\highway-xa-qs\vendor\laravel\framework\src\Illuminate\Routing\ControllerDispatcher.php(68): Illuminate\Routing\ControllerDispatcher->callWithinStack(Object(App\Http\Controllers\Stretch\StretchController), Object(Illuminate\Routing\Route), Object(Illuminate\Http\Request), 'detailInWarn')
#15 D:\Laragon\www\admin\highway-xa-qs\vendor\laravel\framework\src\Illuminate\Routing\Route.php(203): Illuminate\Routing\ControllerDispatcher->dispatch(Object(Illuminate\Routing\Route), Object(Illuminate\Http\Request), 'App\\Http\\Contro...', 'detailInWarn')
#16 D:\Laragon\www\admin\highway-xa-qs\vendor\laravel\framework\src\Illuminate\Routing\Route.php(134): Illuminate\Routing\Route->runWithCustomDispatcher(Object(Illuminate\Http\Request))
#17 D:\Laragon\www\admin\highway-xa-qs\vendor\laravel\framework\src\Illuminate\Routing\Router.php(708): Illuminate\Routing\Route->run(Object(Illuminate\Http\Request))
#18 [internal function]: Illuminate\Routing\Router->Illuminate\Routing\{closure}(Object(Illuminate\Http\Request))
#19 D:\Laragon\www\admin\highway-xa-qs\vendor\laravel\framework\src\Illuminate\Pipeline\Pipeline.php(139): call_user_func(Object(Closure), Object(Illuminate\Http\Request))
#20 D:\Laragon\www\admin\highway-xa-qs\app\Http\Middleware\Admin.php(159): Illuminate\Pipeline\Pipeline->Illuminate\Pipeline\{closure}(Object(Illuminate\Http\Request))
#21 [internal function]: App\Http\Middleware\Admin->handle(Object(Illuminate\Http\Request), Object(Closure))
#22 D:\Laragon\www\admin\highway-xa-qs\vendor\laravel\framework\src\Illuminate\Pipeline\Pipeline.php(124): call_user_func_array(Array, Array)
#23 [internal function]: Illuminate\Pipeline\Pipeline->Illuminate\Pipeline\{closure}(Object(Illuminate\Http\Request))
#24 D:\Laragon\www\admin\highway-xa-qs\vendor\laravel\framework\src\Illuminate\Pipeline\Pipeline.php(102): call_user_func(Object(Closure), Object(Illuminate\Http\Request))
#25 D:\Laragon\www\admin\highway-xa-qs\vendor\laravel\framework\src\Illuminate\Routing\Router.php(710): Illuminate\Pipeline\Pipeline->then(Object(Closure))
#26 D:\Laragon\www\admin\highway-xa-qs\vendor\laravel\framework\src\Illuminate\Routing\Router.php(674): Illuminate\Routing\Router->runRouteWithinStack(Object(Illuminate\Routing\Route), Object(Illuminate\Http\Request))
#27 D:\Laragon\www\admin\highway-xa-qs\vendor\laravel\framework\src\Illuminate\Routing\Router.php(635): Illuminate\Routing\Router->dispatchToRoute(Object(Illuminate\Http\Request))
#28 D:\Laragon\www\admin\highway-xa-qs\vendor\laravel\framework\src\Illuminate\Foundation\Http\Kernel.php(236): Illuminate\Routing\Router->dispatch(Object(Illuminate\Http\Request))
#29 [internal function]: Illuminate\Foundation\Http\Kernel->Illuminate\Foundation\Http\{closure}(Object(Illuminate\Http\Request))
#30 D:\Laragon\www\admin\highway-xa-qs\vendor\laravel\framework\src\Illuminate\Pipeline\Pipeline.php(139): call_user_func(Object(Closure), Object(Illuminate\Http\Request))
#31 D:\Laragon\www\admin\highway-xa-qs\vendor\laravel\framework\src\Illuminate\Foundation\Http\Middleware\VerifyCsrfToken.php(50): Illuminate\Pipeline\Pipeline->Illuminate\Pipeline\{closure}(Object(Illuminate\Http\Request))
#32 [internal function]: Illuminate\Foundation\Http\Middleware\VerifyCsrfToken->handle(Object(Illuminate\Http\Request), Object(Closure))
#33 D:\Laragon\www\admin\highway-xa-qs\vendor\laravel\framework\src\Illuminate\Pipeline\Pipeline.php(124): call_user_func_array(Array, Array)
#34 D:\Laragon\www\admin\highway-xa-qs\vendor\laravel\framework\src\Illuminate\View\Middleware\ShareErrorsFromSession.php(49): Illuminate\Pipeline\Pipeline->Illuminate\Pipeline\{closure}(Object(Illuminate\Http\Request))
#35 [internal function]: Illuminate\View\Middleware\ShareErrorsFromSession->handle(Object(Illuminate\Http\Request), Object(Closure))
#36 D:\Laragon\www\admin\highway-xa-qs\vendor\laravel\framework\src\Illuminate\Pipeline\Pipeline.php(124): call_user_func_array(Array, Array)
#37 D:\Laragon\www\admin\highway-xa-qs\vendor\laravel\framework\src\Illuminate\Session\Middleware\StartSession.php(62): Illuminate\Pipeline\Pipeline->Illuminate\Pipeline\{closure}(Object(Illuminate\Http\Request))
#38 [internal function]: Illuminate\Session\Middleware\StartSession->handle(Object(Illuminate\Http\Request), Object(Closure))
#39 D:\Laragon\www\admin\highway-xa-qs\vendor\laravel\framework\src\Illuminate\Pipeline\Pipeline.php(124): call_user_func_array(Array, Array)
#40 D:\Laragon\www\admin\highway-xa-qs\vendor\laravel\framework\src\Illuminate\Cookie\Middleware\AddQueuedCookiesToResponse.php(37): Illuminate\Pipeline\Pipeline->Illuminate\Pipeline\{closure}(Object(Illuminate\Http\Request))
#41 [internal function]: Illuminate\Cookie\Middleware\AddQueuedCookiesToResponse->handle(Object(Illuminate\Http\Request), Object(Closure))
#42 D:\Laragon\www\admin\highway-xa-qs\vendor\laravel\framework\src\Illuminate\Pipeline\Pipeline.php(124): call_user_func_array(Array, Array)
#43 D:\Laragon\www\admin\highway-xa-qs\vendor\laravel\framework\src\Illuminate\Cookie\Middleware\EncryptCookies.php(59): Illuminate\Pipeline\Pipeline->Illuminate\Pipeline\{closure}(Object(Illuminate\Http\Request))
#44 [internal function]: Illuminate\Cookie\Middleware\EncryptCookies->handle(Object(Illuminate\Http\Request), Object(Closure))
#45 D:\Laragon\www\admin\highway-xa-qs\vendor\laravel\framework\src\Illuminate\Pipeline\Pipeline.php(124): call_user_func_array(Array, Array)
#46 D:\Laragon\www\admin\highway-xa-qs\vendor\laravel\framework\src\Illuminate\Foundation\Http\Middleware\CheckForMaintenanceMode.php(44): Illuminate\Pipeline\Pipeline->Illuminate\Pipeline\{closure}(Object(Illuminate\Http\Request))
#47 [internal function]: Illuminate\Foundation\Http\Middleware\CheckForMaintenanceMode->handle(Object(Illuminate\Http\Request), Object(Closure))
#48 D:\Laragon\www\admin\highway-xa-qs\vendor\laravel\framework\src\Illuminate\Pipeline\Pipeline.php(124): call_user_func_array(Array, Array)
#49 [internal function]: Illuminate\Pipeline\Pipeline->Illuminate\Pipeline\{closure}(Object(Illuminate\Http\Request))
#50 D:\Laragon\www\admin\highway-xa-qs\vendor\laravel\framework\src\Illuminate\Pipeline\Pipeline.php(102): call_user_func(Object(Closure), Object(Illuminate\Http\Request))
#51 D:\Laragon\www\admin\highway-xa-qs\vendor\laravel\framework\src\Illuminate\Foundation\Http\Kernel.php(122): Illuminate\Pipeline\Pipeline->then(Object(Closure))
#52 D:\Laragon\www\admin\highway-xa-qs\vendor\laravel\framework\src\Illuminate\Foundation\Http\Kernel.php(87): Illuminate\Foundation\Http\Kernel->sendRequestThroughRouter(Object(Illuminate\Http\Request))
#53 D:\Laragon\www\admin\highway-xa-qs\public\index.php(53): Illuminate\Foundation\Http\Kernel->handle(Object(Illuminate\Http\Request))
#54 {main}  
[2018-12-28 15:46:51] local.ERROR: Symfony\Component\Debug\Exception\FatalThrowableError: Call to a member function addEagerConstraints() on null in D:\Laragon\www\admin\highway-xa-qs\vendor\laravel\framework\src\Illuminate\Database\Eloquent\Builder.php:519
Stack trace:
#0 D:\Laragon\www\admin\highway-xa-qs\vendor\laravel\framework\src\Illuminate\Database\Eloquent\Builder.php(497): Illuminate\Database\Eloquent\Builder->loadRelation(Array, 'info', Object(Closure))
#1 D:\Laragon\www\admin\highway-xa-qs\vendor\laravel\framework\src\Illuminate\Database\Eloquent\Builder.php(240): Illuminate\Database\Eloquent\Builder->eagerLoadRelations(Array)
#2 D:\Laragon\www\admin\highway-xa-qs\vendor\laravel\framework\src\Illuminate\Database\Eloquent\Builder.php(206): Illuminate\Database\Eloquent\Builder->get(Array)
#3 D:\Laragon\www\admin\highway-xa-qs\app\Http\Controllers\Stretch\BaseController.php(624): Illuminate\Database\Eloquent\Builder->first()
#4 D:\Laragon\www\admin\highway-xa-qs\app\Http\Controllers\Stretch\StretchController.php(262): App\Http\Controllers\Stretch\BaseController->getDetailInWarn(Object(App\Models\Stretch\StretchInfoDetail), '4')
#5 [internal function]: App\Http\Controllers\Stretch\StretchController->detailInWarn('4')
#6 D:\Laragon\www\admin\highway-xa-qs\vendor\laravel\framework\src\Illuminate\Routing\Controller.php(256): call_user_func_array(Array, Array)
#7 D:\Laragon\www\admin\highway-xa-qs\vendor\laravel\framework\src\Illuminate\Routing\ControllerDispatcher.php(164): Illuminate\Routing\Controller->callAction('detailInWarn', Array)
#8 D:\Laragon\www\admin\highway-xa-qs\vendor\laravel\framework\src\Illuminate\Routing\ControllerDispatcher.php(112): Illuminate\Routing\ControllerDispatcher->call(Object(App\Http\Controllers\Stretch\StretchController), Object(Illuminate\Routing\Route), 'detailInWarn')
#9 [internal function]: Illuminate\Routing\ControllerDispatcher->Illuminate\Routing\{closure}(Object(Illuminate\Http\Request))
#10 D:\Laragon\www\admin\highway-xa-qs\vendor\laravel\framework\src\Illuminate\Pipeline\Pipeline.php(139): call_user_func(Object(Closure), Object(Illuminate\Http\Request))
#11 [internal function]: Illuminate\Pipeline\Pipeline->Illuminate\Pipeline\{closure}(Object(Illuminate\Http\Request))
#12 D:\Laragon\www\admin\highway-xa-qs\vendor\laravel\framework\src\Illuminate\Pipeline\Pipeline.php(102): call_user_func(Object(Closure), Object(Illuminate\Http\Request))
#13 D:\Laragon\www\admin\highway-xa-qs\vendor\laravel\framework\src\Illuminate\Routing\ControllerDispatcher.php(114): Illuminate\Pipeline\Pipeline->then(Object(Closure))
#14 D:\Laragon\www\admin\highway-xa-qs\vendor\laravel\framework\src\Illuminate\Routing\ControllerDispatcher.php(68): Illuminate\Routing\ControllerDispatcher->callWithinStack(Object(App\Http\Controllers\Stretch\StretchController), Object(Illuminate\Routing\Route), Object(Illuminate\Http\Request), 'detailInWarn')
#15 D:\Laragon\www\admin\highway-xa-qs\vendor\laravel\framework\src\Illuminate\Routing\Route.php(203): Illuminate\Routing\ControllerDispatcher->dispatch(Object(Illuminate\Routing\Route), Object(Illuminate\Http\Request), 'App\\Http\\Contro...', 'detailInWarn')
#16 D:\Laragon\www\admin\highway-xa-qs\vendor\laravel\framework\src\Illuminate\Routing\Route.php(134): Illuminate\Routing\Route->runWithCustomDispatcher(Object(Illuminate\Http\Request))
#17 D:\Laragon\www\admin\highway-xa-qs\vendor\laravel\framework\src\Illuminate\Routing\Router.php(708): Illuminate\Routing\Route->run(Object(Illuminate\Http\Request))
#18 [internal function]: Illuminate\Routing\Router->Illuminate\Routing\{closure}(Object(Illuminate\Http\Request))
#19 D:\Laragon\www\admin\highway-xa-qs\vendor\laravel\framework\src\Illuminate\Pipeline\Pipeline.php(139): call_user_func(Object(Closure), Object(Illuminate\Http\Request))
#20 D:\Laragon\www\admin\highway-xa-qs\app\Http\Middleware\Admin.php(159): Illuminate\Pipeline\Pipeline->Illuminate\Pipeline\{closure}(Object(Illuminate\Http\Request))
#21 [internal function]: App\Http\Middleware\Admin->handle(Object(Illuminate\Http\Request), Object(Closure))
#22 D:\Laragon\www\admin\highway-xa-qs\vendor\laravel\framework\src\Illuminate\Pipeline\Pipeline.php(124): call_user_func_array(Array, Array)
#23 [internal function]: Illuminate\Pipeline\Pipeline->Illuminate\Pipeline\{closure}(Object(Illuminate\Http\Request))
#24 D:\Laragon\www\admin\highway-xa-qs\vendor\laravel\framework\src\Illuminate\Pipeline\Pipeline.php(102): call_user_func(Object(Closure), Object(Illuminate\Http\Request))
#25 D:\Laragon\www\admin\highway-xa-qs\vendor\laravel\framework\src\Illuminate\Routing\Router.php(710): Illuminate\Pipeline\Pipeline->then(Object(Closure))
#26 D:\Laragon\www\admin\highway-xa-qs\vendor\laravel\framework\src\Illuminate\Routing\Router.php(674): Illuminate\Routing\Router->runRouteWithinStack(Object(Illuminate\Routing\Route), Object(Illuminate\Http\Request))
#27 D:\Laragon\www\admin\highway-xa-qs\vendor\laravel\framework\src\Illuminate\Routing\Router.php(635): Illuminate\Routing\Router->dispatchToRoute(Object(Illuminate\Http\Request))
#28 D:\Laragon\www\admin\highway-xa-qs\vendor\laravel\framework\src\Illuminate\Foundation\Http\Kernel.php(236): Illuminate\Routing\Router->dispatch(Object(Illuminate\Http\Request))
#29 [internal function]: Illuminate\Foundation\Http\Kernel->Illuminate\Foundation\Http\{closure}(Object(Illuminate\Http\Request))
#30 D:\Laragon\www\admin\highway-xa-qs\vendor\laravel\framework\src\Illuminate\Pipeline\Pipeline.php(139): call_user_func(Object(Closure), Object(Illuminate\Http\Request))
#31 D:\Laragon\www\admin\highway-xa-qs\vendor\laravel\framework\src\Illuminate\Foundation\Http\Middleware\VerifyCsrfToken.php(50): Illuminate\Pipeline\Pipeline->Illuminate\Pipeline\{closure}(Object(Illuminate\Http\Request))
#32 [internal function]: Illuminate\Foundation\Http\Middleware\VerifyCsrfToken->handle(Object(Illuminate\Http\Request), Object(Closure))
#33 D:\Laragon\www\admin\highway-xa-qs\vendor\laravel\framework\src\Illuminate\Pipeline\Pipeline.php(124): call_user_func_array(Array, Array)
#34 D:\Laragon\www\admin\highway-xa-qs\vendor\laravel\framework\src\Illuminate\View\Middleware\ShareErrorsFromSession.php(49): Illuminate\Pipeline\Pipeline->Illuminate\Pipeline\{closure}(Object(Illuminate\Http\Request))
#35 [internal function]: Illuminate\View\Middleware\ShareErrorsFromSession->handle(Object(Illuminate\Http\Request), Object(Closure))
#36 D:\Laragon\www\admin\highway-xa-qs\vendor\laravel\framework\src\Illuminate\Pipeline\Pipeline.php(124): call_user_func_array(Array, Array)
#37 D:\Laragon\www\admin\highway-xa-qs\vendor\laravel\framework\src\Illuminate\Session\Middleware\StartSession.php(62): Illuminate\Pipeline\Pipeline->Illuminate\Pipeline\{closure}(Object(Illuminate\Http\Request))
#38 [internal function]: Illuminate\Session\Middleware\StartSession->handle(Object(Illuminate\Http\Request), Object(Closure))
#39 D:\Laragon\www\admin\highway-xa-qs\vendor\laravel\framework\src\Illuminate\Pipeline\Pipeline.php(124): call_user_func_array(Array, Array)
#40 D:\Laragon\www\admin\highway-xa-qs\vendor\laravel\framework\src\Illuminate\Cookie\Middleware\AddQueuedCookiesToResponse.php(37): Illuminate\Pipeline\Pipeline->Illuminate\Pipeline\{closure}(Object(Illuminate\Http\Request))
#41 [internal function]: Illuminate\Cookie\Middleware\AddQueuedCookiesToResponse->handle(Object(Illuminate\Http\Request), Object(Closure))
#42 D:\Laragon\www\admin\highway-xa-qs\vendor\laravel\framework\src\Illuminate\Pipeline\Pipeline.php(124): call_user_func_array(Array, Array)
#43 D:\Laragon\www\admin\highway-xa-qs\vendor\laravel\framework\src\Illuminate\Cookie\Middleware\EncryptCookies.php(59): Illuminate\Pipeline\Pipeline->Illuminate\Pipeline\{closure}(Object(Illuminate\Http\Request))
#44 [internal function]: Illuminate\Cookie\Middleware\EncryptCookies->handle(Object(Illuminate\Http\Request), Object(Closure))
#45 D:\Laragon\www\admin\highway-xa-qs\vendor\laravel\framework\src\Illuminate\Pipeline\Pipeline.php(124): call_user_func_array(Array, Array)
#46 D:\Laragon\www\admin\highway-xa-qs\vendor\laravel\framework\src\Illuminate\Foundation\Http\Middleware\CheckForMaintenanceMode.php(44): Illuminate\Pipeline\Pipeline->Illuminate\Pipeline\{closure}(Object(Illuminate\Http\Request))
#47 [internal function]: Illuminate\Foundation\Http\Middleware\CheckForMaintenanceMode->handle(Object(Illuminate\Http\Request), Object(Closure))
#48 D:\Laragon\www\admin\highway-xa-qs\vendor\laravel\framework\src\Illuminate\Pipeline\Pipeline.php(124): call_user_func_array(Array, Array)
#49 [internal function]: Illuminate\Pipeline\Pipeline->Illuminate\Pipeline\{closure}(Object(Illuminate\Http\Request))
#50 D:\Laragon\www\admin\highway-xa-qs\vendor\laravel\framework\src\Illuminate\Pipeline\Pipeline.php(102): call_user_func(Object(Closure), Object(Illuminate\Http\Request))
#51 D:\Laragon\www\admin\highway-xa-qs\vendor\laravel\framework\src\Illuminate\Foundation\Http\Kernel.php(122): Illuminate\Pipeline\Pipeline->then(Object(Closure))
#52 D:\Laragon\www\admin\highway-xa-qs\vendor\laravel\framework\src\Illuminate\Foundation\Http\Kernel.php(87): Illuminate\Foundation\Http\Kernel->sendRequestThroughRouter(Object(Illuminate\Http\Request))
#53 D:\Laragon\www\admin\highway-xa-qs\public\index.php(53): Illuminate\Foundation\Http\Kernel->handle(Object(Illuminate\Http\Request))
#54 {main}  
[2018-12-28 15:47:51] local.ERROR: PDOException: SQLSTATE[42S22]: Column not found: 1054 Unknown column 'stretch_info_detail.other_key' in 'where clause' in D:\Laragon\www\admin\highway-xa-qs\vendor\laravel\framework\src\Illuminate\Database\Connection.php:319
Stack trace:
#0 D:\Laragon\www\admin\highway-xa-qs\vendor\laravel\framework\src\Illuminate\Database\Connection.php(319): PDO->prepare('select * from `...')
#1 D:\Laragon\www\admin\highway-xa-qs\vendor\laravel\framework\src\Illuminate\Database\Connection.php(655): Illuminate\Database\Connection->Illuminate\Database\{closure}(Object(Illuminate\Database\MySqlConnection), 'select * from `...', Array)
#2 D:\Laragon\www\admin\highway-xa-qs\vendor\laravel\framework\src\Illuminate\Database\Connection.php(618): Illuminate\Database\Connection->runQueryCallback('select * from `...', Array, Object(Closure))
#3 D:\Laragon\www\admin\highway-xa-qs\vendor\laravel\framework\src\Illuminate\Database\Connection.php(324): Illuminate\Database\Connection->run('select * from `...', Array, Object(Closure))
#4 D:\Laragon\www\admin\highway-xa-qs\vendor\laravel\framework\src\Illuminate\Database\Query\Builder.php(1431): Illuminate\Database\Connection->select('select * from `...', Array, true)
#5 D:\Laragon\www\admin\highway-xa-qs\vendor\laravel\framework\src\Illuminate\Database\Query\Builder.php(1408): Illuminate\Database\Query\Builder->runSelect()
#6 D:\Laragon\www\admin\highway-xa-qs\vendor\laravel\framework\src\Illuminate\Database\Eloquent\Builder.php(477): Illuminate\Database\Query\Builder->get(Array)
#7 D:\Laragon\www\admin\highway-xa-qs\vendor\laravel\framework\src\Illuminate\Database\Eloquent\Builder.php(234): Illuminate\Database\Eloquent\Builder->getModels(Array)
#8 [internal function]: Illuminate\Database\Eloquent\Builder->get()
#9 D:\Laragon\www\admin\highway-xa-qs\vendor\laravel\framework\src\Illuminate\Database\Eloquent\Relations\Relation.php(330): call_user_func_array(Array, Array)
#10 D:\Laragon\www\admin\highway-xa-qs\vendor\laravel\framework\src\Illuminate\Database\Eloquent\Relations\Relation.php(113): Illuminate\Database\Eloquent\Relations\Relation->__call('get', Array)
#11 D:\Laragon\www\admin\highway-xa-qs\vendor\laravel\framework\src\Illuminate\Database\Eloquent\Builder.php(528): Illuminate\Database\Eloquent\Relations\Relation->getEager()
#12 D:\Laragon\www\admin\highway-xa-qs\vendor\laravel\framework\src\Illuminate\Database\Eloquent\Builder.php(497): Illuminate\Database\Eloquent\Builder->loadRelation(Array, 'info', Object(Closure))
#13 D:\Laragon\www\admin\highway-xa-qs\vendor\laravel\framework\src\Illuminate\Database\Eloquent\Builder.php(240): Illuminate\Database\Eloquent\Builder->eagerLoadRelations(Array)
#14 D:\Laragon\www\admin\highway-xa-qs\vendor\laravel\framework\src\Illuminate\Database\Eloquent\Builder.php(206): Illuminate\Database\Eloquent\Builder->get(Array)
#15 D:\Laragon\www\admin\highway-xa-qs\app\Http\Controllers\Stretch\BaseController.php(624): Illuminate\Database\Eloquent\Builder->first()
#16 D:\Laragon\www\admin\highway-xa-qs\app\Http\Controllers\Stretch\StretchController.php(262): App\Http\Controllers\Stretch\BaseController->getDetailInWarn(Object(App\Models\Stretch\StretchInfoDetail), '4')
#17 [internal function]: App\Http\Controllers\Stretch\StretchController->detailInWarn('4')
#18 D:\Laragon\www\admin\highway-xa-qs\vendor\laravel\framework\src\Illuminate\Routing\Controller.php(256): call_user_func_array(Array, Array)
#19 D:\Laragon\www\admin\highway-xa-qs\vendor\laravel\framework\src\Illuminate\Routing\ControllerDispatcher.php(164): Illuminate\Routing\Controller->callAction('detailInWarn', Array)
#20 D:\Laragon\www\admin\highway-xa-qs\vendor\laravel\framework\src\Illuminate\Routing\ControllerDispatcher.php(112): Illuminate\Routing\ControllerDispatcher->call(Object(App\Http\Controllers\Stretch\StretchController), Object(Illuminate\Routing\Route), 'detailInWarn')
#21 [internal function]: Illuminate\Routing\ControllerDispatcher->Illuminate\Routing\{closure}(Object(Illuminate\Http\Request))
#22 D:\Laragon\www\admin\highway-xa-qs\vendor\laravel\framework\src\Illuminate\Pipeline\Pipeline.php(139): call_user_func(Object(Closure), Object(Illuminate\Http\Request))
#23 [internal function]: Illuminate\Pipeline\Pipeline->Illuminate\Pipeline\{closure}(Object(Illuminate\Http\Request))
#24 D:\Laragon\www\admin\highway-xa-qs\vendor\laravel\framework\src\Illuminate\Pipeline\Pipeline.php(102): call_user_func(Object(Closure), Object(Illuminate\Http\Request))
#25 D:\Laragon\www\admin\highway-xa-qs\vendor\laravel\framework\src\Illuminate\Routing\ControllerDispatcher.php(114): Illuminate\Pipeline\Pipeline->then(Object(Closure))
#26 D:\Laragon\www\admin\highway-xa-qs\vendor\laravel\framework\src\Illuminate\Routing\ControllerDispatcher.php(68): Illuminate\Routing\ControllerDispatcher->callWithinStack(Object(App\Http\Controllers\Stretch\StretchController), Object(Illuminate\Routing\Route), Object(Illuminate\Http\Request), 'detailInWarn')
#27 D:\Laragon\www\admin\highway-xa-qs\vendor\laravel\framework\src\Illuminate\Routing\Route.php(203): Illuminate\Routing\ControllerDispatcher->dispatch(Object(Illuminate\Routing\Route), Object(Illuminate\Http\Request), 'App\\Http\\Contro...', 'detailInWarn')
#28 D:\Laragon\www\admin\highway-xa-qs\vendor\laravel\framework\src\Illuminate\Routing\Route.php(134): Illuminate\Routing\Route->runWithCustomDispatcher(Object(Illuminate\Http\Request))
#29 D:\Laragon\www\admin\highway-xa-qs\vendor\laravel\framework\src\Illuminate\Routing\Router.php(708): Illuminate\Routing\Route->run(Object(Illuminate\Http\Request))
#30 [internal function]: Illuminate\Routing\Router->Illuminate\Routing\{closure}(Object(Illuminate\Http\Request))
#31 D:\Laragon\www\admin\highway-xa-qs\vendor\laravel\framework\src\Illuminate\Pipeline\Pipeline.php(139): call_user_func(Object(Closure), Object(Illuminate\Http\Request))
#32 D:\Laragon\www\admin\highway-xa-qs\app\Http\Middleware\Admin.php(159): Illuminate\Pipeline\Pipeline->Illuminate\Pipeline\{closure}(Object(Illuminate\Http\Request))
#33 [internal function]: App\Http\Middleware\Admin->handle(Object(Illuminate\Http\Request), Object(Closure))
#34 D:\Laragon\www\admin\highway-xa-qs\vendor\laravel\framework\src\Illuminate\Pipeline\Pipeline.php(124): call_user_func_array(Array, Array)
#35 [internal function]: Illuminate\Pipeline\Pipeline->Illuminate\Pipeline\{closure}(Object(Illuminate\Http\Request))
#36 D:\Laragon\www\admin\highway-xa-qs\vendor\laravel\framework\src\Illuminate\Pipeline\Pipeline.php(102): call_user_func(Object(Closure), Object(Illuminate\Http\Request))
#37 D:\Laragon\www\admin\highway-xa-qs\vendor\laravel\framework\src\Illuminate\Routing\Router.php(710): Illuminate\Pipeline\Pipeline->then(Object(Closure))
#38 D:\Laragon\www\admin\highway-xa-qs\vendor\laravel\framework\src\Illuminate\Routing\Router.php(674): Illuminate\Routing\Router->runRouteWithinStack(Object(Illuminate\Routing\Route), Object(Illuminate\Http\Request))
#39 D:\Laragon\www\admin\highway-xa-qs\vendor\laravel\framework\src\Illuminate\Routing\Router.php(635): Illuminate\Routing\Router->dispatchToRoute(Object(Illuminate\Http\Request))
#40 D:\Laragon\www\admin\highway-xa-qs\vendor\laravel\framework\src\Illuminate\Foundation\Http\Kernel.php(236): Illuminate\Routing\Router->dispatch(Object(Illuminate\Http\Request))
#41 [internal function]: Illuminate\Foundation\Http\Kernel->Illuminate\Foundation\Http\{closure}(Object(Illuminate\Http\Request))
#42 D:\Laragon\www\admin\highway-xa-qs\vendor\laravel\framework\src\Illuminate\Pipeline\Pipeline.php(139): call_user_func(Object(Closure), Object(Illuminate\Http\Request))
#43 D:\Laragon\www\admin\highway-xa-qs\vendor\laravel\framework\src\Illuminate\Foundation\Http\Middleware\VerifyCsrfToken.php(50): Illuminate\Pipeline\Pipeline->Illuminate\Pipeline\{closure}(Object(Illuminate\Http\Request))
#44 [internal function]: Illuminate\Foundation\Http\Middleware\VerifyCsrfToken->handle(Object(Illuminate\Http\Request), Object(Closure))
#45 D:\Laragon\www\admin\highway-xa-qs\vendor\laravel\framework\src\Illuminate\Pipeline\Pipeline.php(124): call_user_func_array(Array, Array)
#46 D:\Laragon\www\admin\highway-xa-qs\vendor\laravel\framework\src\Illuminate\View\Middleware\ShareErrorsFromSession.php(49): Illuminate\Pipeline\Pipeline->Illuminate\Pipeline\{closure}(Object(Illuminate\Http\Request))
#47 [internal function]: Illuminate\View\Middleware\ShareErrorsFromSession->handle(Object(Illuminate\Http\Request), Object(Closure))
#48 D:\Laragon\www\admin\highway-xa-qs\vendor\laravel\framework\src\Illuminate\Pipeline\Pipeline.php(124): call_user_func_array(Array, Array)
#49 D:\Laragon\www\admin\highway-xa-qs\vendor\laravel\framework\src\Illuminate\Session\Middleware\StartSession.php(62): Illuminate\Pipeline\Pipeline->Illuminate\Pipeline\{closure}(Object(Illuminate\Http\Request))
#50 [internal function]: Illuminate\Session\Middleware\StartSession->handle(Object(Illuminate\Http\Request), Object(Closure))
#51 D:\Laragon\www\admin\highway-xa-qs\vendor\laravel\framework\src\Illuminate\Pipeline\Pipeline.php(124): call_user_func_array(Array, Array)
#52 D:\Laragon\www\admin\highway-xa-qs\vendor\laravel\framework\src\Illuminate\Cookie\Middleware\AddQueuedCookiesToResponse.php(37): Illuminate\Pipeline\Pipeline->Illuminate\Pipeline\{closure}(Object(Illuminate\Http\Request))
#53 [internal function]: Illuminate\Cookie\Middleware\AddQueuedCookiesToResponse->handle(Object(Illuminate\Http\Request), Object(Closure))
#54 D:\Laragon\www\admin\highway-xa-qs\vendor\laravel\framework\src\Illuminate\Pipeline\Pipeline.php(124): call_user_func_array(Array, Array)
#55 D:\Laragon\www\admin\highway-xa-qs\vendor\laravel\framework\src\Illuminate\Cookie\Middleware\EncryptCookies.php(59): Illuminate\Pipeline\Pipeline->Illuminate\Pipeline\{closure}(Object(Illuminate\Http\Request))
#56 [internal function]: Illuminate\Cookie\Middleware\EncryptCookies->handle(Object(Illuminate\Http\Request), Object(Closure))
#57 D:\Laragon\www\admin\highway-xa-qs\vendor\laravel\framework\src\Illuminate\Pipeline\Pipeline.php(124): call_user_func_array(Array, Array)
#58 D:\Laragon\www\admin\highway-xa-qs\vendor\laravel\framework\src\Illuminate\Foundation\Http\Middleware\CheckForMaintenanceMode.php(44): Illuminate\Pipeline\Pipeline->Illuminate\Pipeline\{closure}(Object(Illuminate\Http\Request))
#59 [internal function]: Illuminate\Foundation\Http\Middleware\CheckForMaintenanceMode->handle(Object(Illuminate\Http\Request), Object(Closure))
#60 D:\Laragon\www\admin\highway-xa-qs\vendor\laravel\framework\src\Illuminate\Pipeline\Pipeline.php(124): call_user_func_array(Array, Array)
#61 [internal function]: Illuminate\Pipeline\Pipeline->Illuminate\Pipeline\{closure}(Object(Illuminate\Http\Request))
#62 D:\Laragon\www\admin\highway-xa-qs\vendor\laravel\framework\src\Illuminate\Pipeline\Pipeline.php(102): call_user_func(Object(Closure), Object(Illuminate\Http\Request))
#63 D:\Laragon\www\admin\highway-xa-qs\vendor\laravel\framework\src\Illuminate\Foundation\Http\Kernel.php(122): Illuminate\Pipeline\Pipeline->then(Object(Closure))
#64 D:\Laragon\www\admin\highway-xa-qs\vendor\laravel\framework\src\Illuminate\Foundation\Http\Kernel.php(87): Illuminate\Foundation\Http\Kernel->sendRequestThroughRouter(Object(Illuminate\Http\Request))
#65 D:\Laragon\www\admin\highway-xa-qs\public\index.php(53): Illuminate\Foundation\Http\Kernel->handle(Object(Illuminate\Http\Request))
#66 {main}

Next Illuminate\Database\QueryException: SQLSTATE[42S22]: Column not found: 1054 Unknown column 'stretch_info_detail.other_key' in 'where clause' (SQL: select * from `stretch_info_detail` where `stretch_info_detail`.`other_key` in (0)) in D:\Laragon\www\admin\highway-xa-qs\vendor\laravel\framework\src\Illuminate\Database\Connection.php:662
Stack trace:
#0 D:\Laragon\www\admin\highway-xa-qs\vendor\laravel\framework\src\Illuminate\Database\Connection.php(618): Illuminate\Database\Connection->runQueryCallback('select * from `...', Array, Object(Closure))
#1 D:\Laragon\www\admin\highway-xa-qs\vendor\laravel\framework\src\Illuminate\Database\Connection.php(324): Illuminate\Database\Connection->run('select * from `...', Array, Object(Closure))
#2 D:\Laragon\www\admin\highway-xa-qs\vendor\laravel\framework\src\Illuminate\Database\Query\Builder.php(1431): Illuminate\Database\Connection->select('select * from `...', Array, true)
#3 D:\Laragon\www\admin\highway-xa-qs\vendor\laravel\framework\src\Illuminate\Database\Query\Builder.php(1408): Illuminate\Database\Query\Builder->runSelect()
#4 D:\Laragon\www\admin\highway-xa-qs\vendor\laravel\framework\src\Illuminate\Database\Eloquent\Builder.php(477): Illuminate\Database\Query\Builder->get(Array)
#5 D:\Laragon\www\admin\highway-xa-qs\vendor\laravel\framework\src\Illuminate\Database\Eloquent\Builder.php(234): Illuminate\Database\Eloquent\Builder->getModels(Array)
#6 [internal function]: Illuminate\Database\Eloquent\Builder->get()
#7 D:\Laragon\www\admin\highway-xa-qs\vendor\laravel\framework\src\Illuminate\Database\Eloquent\Relations\Relation.php(330): call_user_func_array(Array, Array)
#8 D:\Laragon\www\admin\highway-xa-qs\vendor\laravel\framework\src\Illuminate\Database\Eloquent\Relations\Relation.php(113): Illuminate\Database\Eloquent\Relations\Relation->__call('get', Array)
#9 D:\Laragon\www\admin\highway-xa-qs\vendor\laravel\framework\src\Illuminate\Database\Eloquent\Builder.php(528): Illuminate\Database\Eloquent\Relations\Relation->getEager()
#10 D:\Laragon\www\admin\highway-xa-qs\vendor\laravel\framework\src\Illuminate\Database\Eloquent\Builder.php(497): Illuminate\Database\Eloquent\Builder->loadRelation(Array, 'info', Object(Closure))
#11 D:\Laragon\www\admin\highway-xa-qs\vendor\laravel\framework\src\Illuminate\Database\Eloquent\Builder.php(240): Illuminate\Database\Eloquent\Builder->eagerLoadRelations(Array)
#12 D:\Laragon\www\admin\highway-xa-qs\vendor\laravel\framework\src\Illuminate\Database\Eloquent\Builder.php(206): Illuminate\Database\Eloquent\Builder->get(Array)
#13 D:\Laragon\www\admin\highway-xa-qs\app\Http\Controllers\Stretch\BaseController.php(624): Illuminate\Database\Eloquent\Builder->first()
#14 D:\Laragon\www\admin\highway-xa-qs\app\Http\Controllers\Stretch\StretchController.php(262): App\Http\Controllers\Stretch\BaseController->getDetailInWarn(Object(App\Models\Stretch\StretchInfoDetail), '4')
#15 [internal function]: App\Http\Controllers\Stretch\StretchController->detailInWarn('4')
#16 D:\Laragon\www\admin\highway-xa-qs\vendor\laravel\framework\src\Illuminate\Routing\Controller.php(256): call_user_func_array(Array, Array)
#17 D:\Laragon\www\admin\highway-xa-qs\vendor\laravel\framework\src\Illuminate\Routing\ControllerDispatcher.php(164): Illuminate\Routing\Controller->callAction('detailInWarn', Array)
#18 D:\Laragon\www\admin\highway-xa-qs\vendor\laravel\framework\src\Illuminate\Routing\ControllerDispatcher.php(112): Illuminate\Routing\ControllerDispatcher->call(Object(App\Http\Controllers\Stretch\StretchController), Object(Illuminate\Routing\Route), 'detailInWarn')
#19 [internal function]: Illuminate\Routing\ControllerDispatcher->Illuminate\Routing\{closure}(Object(Illuminate\Http\Request))
#20 D:\Laragon\www\admin\highway-xa-qs\vendor\laravel\framework\src\Illuminate\Pipeline\Pipeline.php(139): call_user_func(Object(Closure), Object(Illuminate\Http\Request))
#21 [internal function]: Illuminate\Pipeline\Pipeline->Illuminate\Pipeline\{closure}(Object(Illuminate\Http\Request))
#22 D:\Laragon\www\admin\highway-xa-qs\vendor\laravel\framework\src\Illuminate\Pipeline\Pipeline.php(102): call_user_func(Object(Closure), Object(Illuminate\Http\Request))
#23 D:\Laragon\www\admin\highway-xa-qs\vendor\laravel\framework\src\Illuminate\Routing\ControllerDispatcher.php(114): Illuminate\Pipeline\Pipeline->then(Object(Closure))
#24 D:\Laragon\www\admin\highway-xa-qs\vendor\laravel\framework\src\Illuminate\Routing\ControllerDispatcher.php(68): Illuminate\Routing\ControllerDispatcher->callWithinStack(Object(App\Http\Controllers\Stretch\StretchController), Object(Illuminate\Routing\Route), Object(Illuminate\Http\Request), 'detailInWarn')
#25 D:\Laragon\www\admin\highway-xa-qs\vendor\laravel\framework\src\Illuminate\Routing\Route.php(203): Illuminate\Routing\ControllerDispatcher->dispatch(Object(Illuminate\Routing\Route), Object(Illuminate\Http\Request), 'App\\Http\\Contro...', 'detailInWarn')
#26 D:\Laragon\www\admin\highway-xa-qs\vendor\laravel\framework\src\Illuminate\Routing\Route.php(134): Illuminate\Routing\Route->runWithCustomDispatcher(Object(Illuminate\Http\Request))
#27 D:\Laragon\www\admin\highway-xa-qs\vendor\laravel\framework\src\Illuminate\Routing\Router.php(708): Illuminate\Routing\Route->run(Object(Illuminate\Http\Request))
#28 [internal function]: Illuminate\Routing\Router->Illuminate\Routing\{closure}(Object(Illuminate\Http\Request))
#29 D:\Laragon\www\admin\highway-xa-qs\vendor\laravel\framework\src\Illuminate\Pipeline\Pipeline.php(139): call_user_func(Object(Closure), Object(Illuminate\Http\Request))
#30 D:\Laragon\www\admin\highway-xa-qs\app\Http\Middleware\Admin.php(159): Illuminate\Pipeline\Pipeline->Illuminate\Pipeline\{closure}(Object(Illuminate\Http\Request))
#31 [internal function]: App\Http\Middleware\Admin->handle(Object(Illuminate\Http\Request), Object(Closure))
#32 D:\Laragon\www\admin\highway-xa-qs\vendor\laravel\framework\src\Illuminate\Pipeline\Pipeline.php(124): call_user_func_array(Array, Array)
#33 [internal function]: Illuminate\Pipeline\Pipeline->Illuminate\Pipeline\{closure}(Object(Illuminate\Http\Request))
#34 D:\Laragon\www\admin\highway-xa-qs\vendor\laravel\framework\src\Illuminate\Pipeline\Pipeline.php(102): call_user_func(Object(Closure), Object(Illuminate\Http\Request))
#35 D:\Laragon\www\admin\highway-xa-qs\vendor\laravel\framework\src\Illuminate\Routing\Router.php(710): Illuminate\Pipeline\Pipeline->then(Object(Closure))
#36 D:\Laragon\www\admin\highway-xa-qs\vendor\laravel\framework\src\Illuminate\Routing\Router.php(674): Illuminate\Routing\Router->runRouteWithinStack(Object(Illuminate\Routing\Route), Object(Illuminate\Http\Request))
#37 D:\Laragon\www\admin\highway-xa-qs\vendor\laravel\framework\src\Illuminate\Routing\Router.php(635): Illuminate\Routing\Router->dispatchToRoute(Object(Illuminate\Http\Request))
#38 D:\Laragon\www\admin\highway-xa-qs\vendor\laravel\framework\src\Illuminate\Foundation\Http\Kernel.php(236): Illuminate\Routing\Router->dispatch(Object(Illuminate\Http\Request))
#39 [internal function]: Illuminate\Foundation\Http\Kernel->Illuminate\Foundation\Http\{closure}(Object(Illuminate\Http\Request))
#40 D:\Laragon\www\admin\highway-xa-qs\vendor\laravel\framework\src\Illuminate\Pipeline\Pipeline.php(139): call_user_func(Object(Closure), Object(Illuminate\Http\Request))
#41 D:\Laragon\www\admin\highway-xa-qs\vendor\laravel\framework\src\Illuminate\Foundation\Http\Middleware\VerifyCsrfToken.php(50): Illuminate\Pipeline\Pipeline->Illuminate\Pipeline\{closure}(Object(Illuminate\Http\Request))
#42 [internal function]: Illuminate\Foundation\Http\Middleware\VerifyCsrfToken->handle(Object(Illuminate\Http\Request), Object(Closure))
#43 D:\Laragon\www\admin\highway-xa-qs\vendor\laravel\framework\src\Illuminate\Pipeline\Pipeline.php(124): call_user_func_array(Array, Array)
#44 D:\Laragon\www\admin\highway-xa-qs\vendor\laravel\framework\src\Illuminate\View\Middleware\ShareErrorsFromSession.php(49): Illuminate\Pipeline\Pipeline->Illuminate\Pipeline\{closure}(Object(Illuminate\Http\Request))
#45 [internal function]: Illuminate\View\Middleware\ShareErrorsFromSession->handle(Object(Illuminate\Http\Request), Object(Closure))
#46 D:\Laragon\www\admin\highway-xa-qs\vendor\laravel\framework\src\Illuminate\Pipeline\Pipeline.php(124): call_user_func_array(Array, Array)
#47 D:\Laragon\www\admin\highway-xa-qs\vendor\laravel\framework\src\Illuminate\Session\Middleware\StartSession.php(62): Illuminate\Pipeline\Pipeline->Illuminate\Pipeline\{closure}(Object(Illuminate\Http\Request))
#48 [internal function]: Illuminate\Session\Middleware\StartSession->handle(Object(Illuminate\Http\Request), Object(Closure))
#49 D:\Laragon\www\admin\highway-xa-qs\vendor\laravel\framework\src\Illuminate\Pipeline\Pipeline.php(124): call_user_func_array(Array, Array)
#50 D:\Laragon\www\admin\highway-xa-qs\vendor\laravel\framework\src\Illuminate\Cookie\Middleware\AddQueuedCookiesToResponse.php(37): Illuminate\Pipeline\Pipeline->Illuminate\Pipeline\{closure}(Object(Illuminate\Http\Request))
#51 [internal function]: Illuminate\Cookie\Middleware\AddQueuedCookiesToResponse->handle(Object(Illuminate\Http\Request), Object(Closure))
#52 D:\Laragon\www\admin\highway-xa-qs\vendor\laravel\framework\src\Illuminate\Pipeline\Pipeline.php(124): call_user_func_array(Array, Array)
#53 D:\Laragon\www\admin\highway-xa-qs\vendor\laravel\framework\src\Illuminate\Cookie\Middleware\EncryptCookies.php(59): Illuminate\Pipeline\Pipeline->Illuminate\Pipeline\{closure}(Object(Illuminate\Http\Request))
#54 [internal function]: Illuminate\Cookie\Middleware\EncryptCookies->handle(Object(Illuminate\Http\Request), Object(Closure))
#55 D:\Laragon\www\admin\highway-xa-qs\vendor\laravel\framework\src\Illuminate\Pipeline\Pipeline.php(124): call_user_func_array(Array, Array)
#56 D:\Laragon\www\admin\highway-xa-qs\vendor\laravel\framework\src\Illuminate\Foundation\Http\Middleware\CheckForMaintenanceMode.php(44): Illuminate\Pipeline\Pipeline->Illuminate\Pipeline\{closure}(Object(Illuminate\Http\Request))
#57 [internal function]: Illuminate\Foundation\Http\Middleware\CheckForMaintenanceMode->handle(Object(Illuminate\Http\Request), Object(Closure))
#58 D:\Laragon\www\admin\highway-xa-qs\vendor\laravel\framework\src\Illuminate\Pipeline\Pipeline.php(124): call_user_func_array(Array, Array)
#59 [internal function]: Illuminate\Pipeline\Pipeline->Illuminate\Pipeline\{closure}(Object(Illuminate\Http\Request))
#60 D:\Laragon\www\admin\highway-xa-qs\vendor\laravel\framework\src\Illuminate\Pipeline\Pipeline.php(102): call_user_func(Object(Closure), Object(Illuminate\Http\Request))
#61 D:\Laragon\www\admin\highway-xa-qs\vendor\laravel\framework\src\Illuminate\Foundation\Http\Kernel.php(122): Illuminate\Pipeline\Pipeline->then(Object(Closure))
#62 D:\Laragon\www\admin\highway-xa-qs\vendor\laravel\framework\src\Illuminate\Foundation\Http\Kernel.php(87): Illuminate\Foundation\Http\Kernel->sendRequestThroughRouter(Object(Illuminate\Http\Request))
#63 D:\Laragon\www\admin\highway-xa-qs\public\index.php(53): Illuminate\Foundation\Http\Kernel->handle(Object(Illuminate\Http\Request))
#64 {main}  
