[2019-01-18 09:51:20] local.ERROR: ErrorException: Trying to get property of non-object in D:\Laragon\www\admin\highway-xa-qs\app\Http\Controllers\Api\ApiController.php:790
Stack trace:
#0 D:\Laragon\www\admin\highway-xa-qs\app\Http\Controllers\Api\ApiController.php(790): Illuminate\Foundation\Bootstrap\HandleExceptions->handleError(8, 'Trying to get p...', 'D:\\Laragon\\www\\...', 790, Array)
#1 D:\Laragon\www\admin\highway-xa-qs\app\Http\Controllers\Api\ApiController.php(75): App\Http\Controllers\Api\ApiController->spray(Object(Illuminate\Http\Request), NULL)
#2 [internal function]: App\Http\Controllers\Api\ApiController->index(Object(Illuminate\Http\Request))
#3 D:\Laragon\www\admin\highway-xa-qs\vendor\laravel\framework\src\Illuminate\Routing\Controller.php(256): call_user_func_array(Array, Array)
#4 D:\Laragon\www\admin\highway-xa-qs\vendor\laravel\framework\src\Illuminate\Routing\ControllerDispatcher.php(164): Illuminate\Routing\Controller->callAction('index', Array)
#5 D:\Laragon\www\admin\highway-xa-qs\vendor\laravel\framework\src\Illuminate\Routing\ControllerDispatcher.php(112): Illuminate\Routing\ControllerDispatcher->call(Object(App\Http\Controllers\Api\ApiController), Object(Illuminate\Routing\Route), 'index')
#6 [internal function]: Illuminate\Routing\ControllerDispatcher->Illuminate\Routing\{closure}(Object(Illuminate\Http\Request))
#7 D:\Laragon\www\admin\highway-xa-qs\vendor\laravel\framework\src\Illuminate\Pipeline\Pipeline.php(139): call_user_func(Object(Closure), Object(Illuminate\Http\Request))
#8 [internal function]: Illuminate\Pipeline\Pipeline->Illuminate\Pipeline\{closure}(Object(Illuminate\Http\Request))
#9 D:\Laragon\www\admin\highway-xa-qs\vendor\laravel\framework\src\Illuminate\Pipeline\Pipeline.php(102): call_user_func(Object(Closure), Object(Illuminate\Http\Request))
#10 D:\Laragon\www\admin\highway-xa-qs\vendor\laravel\framework\src\Illuminate\Routing\ControllerDispatcher.php(114): Illuminate\Pipeline\Pipeline->then(Object(Closure))
#11 D:\Laragon\www\admin\highway-xa-qs\vendor\laravel\framework\src\Illuminate\Routing\ControllerDispatcher.php(68): Illuminate\Routing\ControllerDispatcher->callWithinStack(Object(App\Http\Controllers\Api\ApiController), Object(Illuminate\Routing\Route), Object(Illuminate\Http\Request), 'index')
#12 D:\Laragon\www\admin\highway-xa-qs\vendor\laravel\framework\src\Illuminate\Routing\Route.php(203): Illuminate\Routing\ControllerDispatcher->dispatch(Object(Illuminate\Routing\Route), Object(Illuminate\Http\Request), 'App\\Http\\Contro...', 'index')
#13 D:\Laragon\www\admin\highway-xa-qs\vendor\laravel\framework\src\Illuminate\Routing\Route.php(134): Illuminate\Routing\Route->runWithCustomDispatcher(Object(Illuminate\Http\Request))
#14 D:\Laragon\www\admin\highway-xa-qs\vendor\laravel\framework\src\Illuminate\Routing\Router.php(708): Illuminate\Routing\Route->run(Object(Illuminate\Http\Request))
#15 [internal function]: Illuminate\Routing\Router->Illuminate\Routing\{closure}(Object(Illuminate\Http\Request))
#16 D:\Laragon\www\admin\highway-xa-qs\vendor\laravel\framework\src\Illuminate\Pipeline\Pipeline.php(139): call_user_func(Object(Closure), Object(Illuminate\Http\Request))
#17 [internal function]: Illuminate\Pipeline\Pipeline->Illuminate\Pipeline\{closure}(Object(Illuminate\Http\Request))
#18 D:\Laragon\www\admin\highway-xa-qs\vendor\laravel\framework\src\Illuminate\Pipeline\Pipeline.php(102): call_user_func(Object(Closure), Object(Illuminate\Http\Request))
#19 D:\Laragon\www\admin\highway-xa-qs\vendor\laravel\framework\src\Illuminate\Routing\Router.php(710): Illuminate\Pipeline\Pipeline->then(Object(Closure))
#20 D:\Laragon\www\admin\highway-xa-qs\vendor\laravel\framework\src\Illuminate\Routing\Router.php(674): Illuminate\Routing\Router->runRouteWithinStack(Object(Illuminate\Routing\Route), Object(Illuminate\Http\Request))
#21 D:\Laragon\www\admin\highway-xa-qs\vendor\laravel\framework\src\Illuminate\Routing\Router.php(635): Illuminate\Routing\Router->dispatchToRoute(Object(Illuminate\Http\Request))
#22 D:\Laragon\www\admin\highway-xa-qs\vendor\laravel\framework\src\Illuminate\Foundation\Http\Kernel.php(236): Illuminate\Routing\Router->dispatch(Object(Illuminate\Http\Request))
#23 [internal function]: Illuminate\Foundation\Http\Kernel->Illuminate\Foundation\Http\{closure}(Object(Illuminate\Http\Request))
#24 D:\Laragon\www\admin\highway-xa-qs\vendor\laravel\framework\src\Illuminate\Pipeline\Pipeline.php(139): call_user_func(Object(Closure), Object(Illuminate\Http\Request))
#25 D:\Laragon\www\admin\highway-xa-qs\vendor\laravel\framework\src\Illuminate\Foundation\Http\Middleware\VerifyCsrfToken.php(50): Illuminate\Pipeline\Pipeline->Illuminate\Pipeline\{closure}(Object(Illuminate\Http\Request))
#26 [internal function]: Illuminate\Foundation\Http\Middleware\VerifyCsrfToken->handle(Object(Illuminate\Http\Request), Object(Closure))
#27 D:\Laragon\www\admin\highway-xa-qs\vendor\laravel\framework\src\Illuminate\Pipeline\Pipeline.php(124): call_user_func_array(Array, Array)
#28 D:\Laragon\www\admin\highway-xa-qs\vendor\laravel\framework\src\Illuminate\View\Middleware\ShareErrorsFromSession.php(49): Illuminate\Pipeline\Pipeline->Illuminate\Pipeline\{closure}(Object(Illuminate\Http\Request))
#29 [internal function]: Illuminate\View\Middleware\ShareErrorsFromSession->handle(Object(Illuminate\Http\Request), Object(Closure))
#30 D:\Laragon\www\admin\highway-xa-qs\vendor\laravel\framework\src\Illuminate\Pipeline\Pipeline.php(124): call_user_func_array(Array, Array)
#31 D:\Laragon\www\admin\highway-xa-qs\vendor\laravel\framework\src\Illuminate\Session\Middleware\StartSession.php(62): Illuminate\Pipeline\Pipeline->Illuminate\Pipeline\{closure}(Object(Illuminate\Http\Request))
#32 [internal function]: Illuminate\Session\Middleware\StartSession->handle(Object(Illuminate\Http\Request), Object(Closure))
#33 D:\Laragon\www\admin\highway-xa-qs\vendor\laravel\framework\src\Illuminate\Pipeline\Pipeline.php(124): call_user_func_array(Array, Array)
#34 D:\Laragon\www\admin\highway-xa-qs\vendor\laravel\framework\src\Illuminate\Cookie\Middleware\AddQueuedCookiesToResponse.php(37): Illuminate\Pipeline\Pipeline->Illuminate\Pipeline\{closure}(Object(Illuminate\Http\Request))
#35 [internal function]: Illuminate\Cookie\Middleware\AddQueuedCookiesToResponse->handle(Object(Illuminate\Http\Request), Object(Closure))
#36 D:\Laragon\www\admin\highway-xa-qs\vendor\laravel\framework\src\Illuminate\Pipeline\Pipeline.php(124): call_user_func_array(Array, Array)
#37 D:\Laragon\www\admin\highway-xa-qs\vendor\laravel\framework\src\Illuminate\Cookie\Middleware\EncryptCookies.php(59): Illuminate\Pipeline\Pipeline->Illuminate\Pipeline\{closure}(Object(Illuminate\Http\Request))
#38 [internal function]: Illuminate\Cookie\Middleware\EncryptCookies->handle(Object(Illuminate\Http\Request), Object(Closure))
#39 D:\Laragon\www\admin\highway-xa-qs\vendor\laravel\framework\src\Illuminate\Pipeline\Pipeline.php(124): call_user_func_array(Array, Array)
#40 D:\Laragon\www\admin\highway-xa-qs\vendor\laravel\framework\src\Illuminate\Foundation\Http\Middleware\CheckForMaintenanceMode.php(44): Illuminate\Pipeline\Pipeline->Illuminate\Pipeline\{closure}(Object(Illuminate\Http\Request))
#41 [internal function]: Illuminate\Foundation\Http\Middleware\CheckForMaintenanceMode->handle(Object(Illuminate\Http\Request), Object(Closure))
#42 D:\Laragon\www\admin\highway-xa-qs\vendor\laravel\framework\src\Illuminate\Pipeline\Pipeline.php(124): call_user_func_array(Array, Array)
#43 [internal function]: Illuminate\Pipeline\Pipeline->Illuminate\Pipeline\{closure}(Object(Illuminate\Http\Request))
#44 D:\Laragon\www\admin\highway-xa-qs\vendor\laravel\framework\src\Illuminate\Pipeline\Pipeline.php(102): call_user_func(Object(Closure), Object(Illuminate\Http\Request))
#45 D:\Laragon\www\admin\highway-xa-qs\vendor\laravel\framework\src\Illuminate\Foundation\Http\Kernel.php(122): Illuminate\Pipeline\Pipeline->then(Object(Closure))
#46 D:\Laragon\www\admin\highway-xa-qs\vendor\laravel\framework\src\Illuminate\Foundation\Http\Kernel.php(87): Illuminate\Foundation\Http\Kernel->sendRequestThroughRouter(Object(Illuminate\Http\Request))
#47 D:\Laragon\www\admin\highway-xa-qs\public\index.php(53): Illuminate\Foundation\Http\Kernel->handle(Object(Illuminate\Http\Request))
#48 {main}  
[2019-01-18 09:58:57] local.WARNING: array (
  0 => 'SQLSTATE[42S22]: Column not found: 1054 Unknown column \'seat_number\' in \'field list\' (SQL: insert into `beam_info` (`project_id`, `supervision_id`, `section_id`, `device_id`, `beam_site_id`, `project_name`, `project_place`, `beam_num`, `start_time`, `start_timestamp`, `end_time`, `end_timestamp`, `days_spend`, `time_count`, `is_finish`, `type`, `seat_number`, `updated_at`, `created_at`) values (4, 7, 19, 139, 1, 工程名称测试, 工程部位测试, 1544hao, 2018-12-31 10:00:00, 1546221600, 2019-01-08 10:00:00, 1546912800, 14, , 0, 2, 20, 1547776737, 1547776737))',
  1 => 'D:\\Laragon\\www\\admin\\highway-xa-qs\\app\\Http\\Controllers\\Api\\ApiController.php',
)  
[2019-01-18 09:58:57] local.INFO: POST /api/v1.0/index HTTP/1.1
Accept:          */*
Accept-Encoding: gzip, deflate
Cache-Control:   no-cache
Connection:      keep-alive
Content-Length:  255
Content-Type:    application/json
Cookie:          XSRF-TOKEN=eyJpdiI6IlM1R2lnSlZwSGkxQW54SE10YTIza3c9PSIsInZhbHVlIjoiRTh4SkMyMjFtNmZ4N1NGSmtcL3RRd2pcL0ZrazFGNCtCMjZqOHd0K212aEVTZ0t1M1dBTW5OenFUNHdJVnR6WkpXZzFMN29jajYzb21pcnJUaWZcL2x0N1E9PSIsIm1hYyI6ImQ4OTA2NTMyZDRjZjVmYzJjYjRiMDVmMDFlNGNiMWY1ZDM3OWIyNGM4Mjg4ZTAwY2NjODAyYzA4MWI2OWFlZmMifQ%3D%3D; laravel_session=eyJpdiI6IkVYdzV5UHRIOHZHck84enVJRjQwRmc9PSIsInZhbHVlIjoibTZwT1hIUHdTckR5OUNsZ29WMmcwUnVUTXZ6Z21NM2toZ081MmxxQ3p0UWh5dFJTeUdTNmpSbVY4Q3cyKzg2OUtOVGZucHNTMXB5RTlLXC9MaXgzWk9RPT0iLCJtYWMiOiIzOTRlMWQxOGIzMTc1MDYyNDU4MmYxYzRmNmMyNWI5NGE1YWU3NGVhOTM4MTdkY2VmOWE0Y2M4MjZkMjg5OTg2In0%3D
Host:            localhost
Package-Type:    spray
Postman-Token:   f3a024f3-4408-4269-be4f-61694fc0aec2
Station-Code:    pl123456
User-Agent:      PostmanRuntime/7.6.0

{
 "T1":"工程名称测试",
 "T2":"工程部位测试",
 "T3":"1544hao",
 "T4":"2018-12-31 10:00:00",
 "T5":"2019-01-08 10:00:00",
 "T6":"2019-01-01 10:00:00",
 "T7":"2019-01-01 10:15:00",
 "T8":20,
 "N1":"14",
 "N3":"60",
 "N4":"30",
 "N7":0,
 "N8":2
}  
[2019-01-18 10:06:45] local.ERROR: PDOException: SQLSTATE[HY000] [1045] Access denied for user 'forge'@'localhost' (using password: NO) in D:\Laragon\www\admin\highway-xa-qs\vendor\laravel\framework\src\Illuminate\Database\Connectors\Connector.php:55
Stack trace:
#0 D:\Laragon\www\admin\highway-xa-qs\vendor\laravel\framework\src\Illuminate\Database\Connectors\Connector.php(55): PDO->__construct('mysql:host=loca...', 'forge', '', Array)
#1 D:\Laragon\www\admin\highway-xa-qs\vendor\laravel\framework\src\Illuminate\Database\Connectors\MySqlConnector.php(22): Illuminate\Database\Connectors\Connector->createConnection('mysql:host=loca...', Array, Array)
#2 D:\Laragon\www\admin\highway-xa-qs\vendor\laravel\framework\src\Illuminate\Database\Connectors\ConnectionFactory.php(60): Illuminate\Database\Connectors\MySqlConnector->connect(Array)
#3 D:\Laragon\www\admin\highway-xa-qs\vendor\laravel\framework\src\Illuminate\Database\Connectors\ConnectionFactory.php(49): Illuminate\Database\Connectors\ConnectionFactory->createSingleConnection(Array)
#4 D:\Laragon\www\admin\highway-xa-qs\vendor\laravel\framework\src\Illuminate\Database\DatabaseManager.php(175): Illuminate\Database\Connectors\ConnectionFactory->make(Array, 'mysql')
#5 D:\Laragon\www\admin\highway-xa-qs\vendor\laravel\framework\src\Illuminate\Database\DatabaseManager.php(67): Illuminate\Database\DatabaseManager->makeConnection('mysql')
#6 D:\Laragon\www\admin\highway-xa-qs\vendor\laravel\framework\src\Illuminate\Database\Eloquent\Model.php(3224): Illuminate\Database\DatabaseManager->connection('mysql')
#7 D:\Laragon\www\admin\highway-xa-qs\vendor\laravel\framework\src\Illuminate\Database\Eloquent\Model.php(3190): Illuminate\Database\Eloquent\Model::resolveConnection(NULL)
#8 D:\Laragon\www\admin\highway-xa-qs\vendor\laravel\framework\src\Illuminate\Database\Eloquent\Model.php(1870): Illuminate\Database\Eloquent\Model->getConnection()
#9 D:\Laragon\www\admin\highway-xa-qs\vendor\laravel\framework\src\Illuminate\Database\Eloquent\Model.php(1813): Illuminate\Database\Eloquent\Model->newBaseQueryBuilder()
#10 D:\Laragon\www\admin\highway-xa-qs\vendor\laravel\framework\src\Illuminate\Database\Eloquent\Model.php(1787): Illuminate\Database\Eloquent\Model->newQueryWithoutScopes()
#11 D:\Laragon\www\admin\highway-xa-qs\vendor\laravel\framework\src\Illuminate\Auth\EloquentUserProvider.php(47): Illuminate\Database\Eloquent\Model->newQuery()
#12 D:\Laragon\www\admin\highway-xa-qs\vendor\laravel\framework\src\Illuminate\Auth\Guard.php(151): Illuminate\Auth\EloquentUserProvider->retrieveById(29)
#13 D:\Laragon\www\admin\highway-xa-qs\vendor\laravel\framework\src\Illuminate\Auth\Guard.php(112): Illuminate\Auth\Guard->user()
#14 D:\Laragon\www\admin\highway-xa-qs\vendor\laravel\framework\src\Illuminate\Auth\Guard.php(122): Illuminate\Auth\Guard->check()
#15 D:\Laragon\www\admin\highway-xa-qs\app\Http\Middleware\Admin.php(40): Illuminate\Auth\Guard->guest()
#16 [internal function]: App\Http\Middleware\Admin->handle(Object(Illuminate\Http\Request), Object(Closure))
#17 D:\Laragon\www\admin\highway-xa-qs\vendor\laravel\framework\src\Illuminate\Pipeline\Pipeline.php(124): call_user_func_array(Array, Array)
#18 [internal function]: Illuminate\Pipeline\Pipeline->Illuminate\Pipeline\{closure}(Object(Illuminate\Http\Request))
#19 D:\Laragon\www\admin\highway-xa-qs\vendor\laravel\framework\src\Illuminate\Pipeline\Pipeline.php(102): call_user_func(Object(Closure), Object(Illuminate\Http\Request))
#20 D:\Laragon\www\admin\highway-xa-qs\vendor\laravel\framework\src\Illuminate\Routing\Router.php(710): Illuminate\Pipeline\Pipeline->then(Object(Closure))
#21 D:\Laragon\www\admin\highway-xa-qs\vendor\laravel\framework\src\Illuminate\Routing\Router.php(674): Illuminate\Routing\Router->runRouteWithinStack(Object(Illuminate\Routing\Route), Object(Illuminate\Http\Request))
#22 D:\Laragon\www\admin\highway-xa-qs\vendor\laravel\framework\src\Illuminate\Routing\Router.php(635): Illuminate\Routing\Router->dispatchToRoute(Object(Illuminate\Http\Request))
#23 D:\Laragon\www\admin\highway-xa-qs\vendor\laravel\framework\src\Illuminate\Foundation\Http\Kernel.php(236): Illuminate\Routing\Router->dispatch(Object(Illuminate\Http\Request))
#24 [internal function]: Illuminate\Foundation\Http\Kernel->Illuminate\Foundation\Http\{closure}(Object(Illuminate\Http\Request))
#25 D:\Laragon\www\admin\highway-xa-qs\vendor\laravel\framework\src\Illuminate\Pipeline\Pipeline.php(139): call_user_func(Object(Closure), Object(Illuminate\Http\Request))
#26 D:\Laragon\www\admin\highway-xa-qs\vendor\laravel\framework\src\Illuminate\Foundation\Http\Middleware\VerifyCsrfToken.php(50): Illuminate\Pipeline\Pipeline->Illuminate\Pipeline\{closure}(Object(Illuminate\Http\Request))
#27 [internal function]: Illuminate\Foundation\Http\Middleware\VerifyCsrfToken->handle(Object(Illuminate\Http\Request), Object(Closure))
#28 D:\Laragon\www\admin\highway-xa-qs\vendor\laravel\framework\src\Illuminate\Pipeline\Pipeline.php(124): call_user_func_array(Array, Array)
#29 D:\Laragon\www\admin\highway-xa-qs\vendor\laravel\framework\src\Illuminate\View\Middleware\ShareErrorsFromSession.php(49): Illuminate\Pipeline\Pipeline->Illuminate\Pipeline\{closure}(Object(Illuminate\Http\Request))
#30 [internal function]: Illuminate\View\Middleware\ShareErrorsFromSession->handle(Object(Illuminate\Http\Request), Object(Closure))
#31 D:\Laragon\www\admin\highway-xa-qs\vendor\laravel\framework\src\Illuminate\Pipeline\Pipeline.php(124): call_user_func_array(Array, Array)
#32 D:\Laragon\www\admin\highway-xa-qs\vendor\laravel\framework\src\Illuminate\Session\Middleware\StartSession.php(62): Illuminate\Pipeline\Pipeline->Illuminate\Pipeline\{closure}(Object(Illuminate\Http\Request))
#33 [internal function]: Illuminate\Session\Middleware\StartSession->handle(Object(Illuminate\Http\Request), Object(Closure))
#34 D:\Laragon\www\admin\highway-xa-qs\vendor\laravel\framework\src\Illuminate\Pipeline\Pipeline.php(124): call_user_func_array(Array, Array)
#35 D:\Laragon\www\admin\highway-xa-qs\vendor\laravel\framework\src\Illuminate\Cookie\Middleware\AddQueuedCookiesToResponse.php(37): Illuminate\Pipeline\Pipeline->Illuminate\Pipeline\{closure}(Object(Illuminate\Http\Request))
#36 [internal function]: Illuminate\Cookie\Middleware\AddQueuedCookiesToResponse->handle(Object(Illuminate\Http\Request), Object(Closure))
#37 D:\Laragon\www\admin\highway-xa-qs\vendor\laravel\framework\src\Illuminate\Pipeline\Pipeline.php(124): call_user_func_array(Array, Array)
#38 D:\Laragon\www\admin\highway-xa-qs\vendor\laravel\framework\src\Illuminate\Cookie\Middleware\EncryptCookies.php(59): Illuminate\Pipeline\Pipeline->Illuminate\Pipeline\{closure}(Object(Illuminate\Http\Request))
#39 [internal function]: Illuminate\Cookie\Middleware\EncryptCookies->handle(Object(Illuminate\Http\Request), Object(Closure))
#40 D:\Laragon\www\admin\highway-xa-qs\vendor\laravel\framework\src\Illuminate\Pipeline\Pipeline.php(124): call_user_func_array(Array, Array)
#41 D:\Laragon\www\admin\highway-xa-qs\vendor\laravel\framework\src\Illuminate\Foundation\Http\Middleware\CheckForMaintenanceMode.php(44): Illuminate\Pipeline\Pipeline->Illuminate\Pipeline\{closure}(Object(Illuminate\Http\Request))
#42 [internal function]: Illuminate\Foundation\Http\Middleware\CheckForMaintenanceMode->handle(Object(Illuminate\Http\Request), Object(Closure))
#43 D:\Laragon\www\admin\highway-xa-qs\vendor\laravel\framework\src\Illuminate\Pipeline\Pipeline.php(124): call_user_func_array(Array, Array)
#44 [internal function]: Illuminate\Pipeline\Pipeline->Illuminate\Pipeline\{closure}(Object(Illuminate\Http\Request))
#45 D:\Laragon\www\admin\highway-xa-qs\vendor\laravel\framework\src\Illuminate\Pipeline\Pipeline.php(102): call_user_func(Object(Closure), Object(Illuminate\Http\Request))
#46 D:\Laragon\www\admin\highway-xa-qs\vendor\laravel\framework\src\Illuminate\Foundation\Http\Kernel.php(122): Illuminate\Pipeline\Pipeline->then(Object(Closure))
#47 D:\Laragon\www\admin\highway-xa-qs\vendor\laravel\framework\src\Illuminate\Foundation\Http\Kernel.php(87): Illuminate\Foundation\Http\Kernel->sendRequestThroughRouter(Object(Illuminate\Http\Request))
#48 D:\Laragon\www\admin\highway-xa-qs\public\index.php(53): Illuminate\Foundation\Http\Kernel->handle(Object(Illuminate\Http\Request))
#49 {main}  
[2019-01-18 11:01:32] local.INFO: get area error by sina ip ::1 data null  
[2019-01-18 11:03:07] local.ERROR: ErrorException: Trying to get property of non-object in D:\Laragon\www\admin\highway-xa-qs\app\Http\Middleware\Admin.php:67
Stack trace:
#0 D:\Laragon\www\admin\highway-xa-qs\app\Http\Middleware\Admin.php(67): Illuminate\Foundation\Bootstrap\HandleExceptions->handleError(8, 'Trying to get p...', 'D:\\Laragon\\www\\...', 67, Array)
#1 [internal function]: App\Http\Middleware\Admin->handle(Object(Illuminate\Http\Request), Object(Closure))
#2 D:\Laragon\www\admin\highway-xa-qs\vendor\laravel\framework\src\Illuminate\Pipeline\Pipeline.php(124): call_user_func_array(Array, Array)
#3 [internal function]: Illuminate\Pipeline\Pipeline->Illuminate\Pipeline\{closure}(Object(Illuminate\Http\Request))
#4 D:\Laragon\www\admin\highway-xa-qs\vendor\laravel\framework\src\Illuminate\Pipeline\Pipeline.php(102): call_user_func(Object(Closure), Object(Illuminate\Http\Request))
#5 D:\Laragon\www\admin\highway-xa-qs\vendor\laravel\framework\src\Illuminate\Routing\Router.php(710): Illuminate\Pipeline\Pipeline->then(Object(Closure))
#6 D:\Laragon\www\admin\highway-xa-qs\vendor\laravel\framework\src\Illuminate\Routing\Router.php(674): Illuminate\Routing\Router->runRouteWithinStack(Object(Illuminate\Routing\Route), Object(Illuminate\Http\Request))
#7 D:\Laragon\www\admin\highway-xa-qs\vendor\laravel\framework\src\Illuminate\Routing\Router.php(635): Illuminate\Routing\Router->dispatchToRoute(Object(Illuminate\Http\Request))
#8 D:\Laragon\www\admin\highway-xa-qs\vendor\laravel\framework\src\Illuminate\Foundation\Http\Kernel.php(236): Illuminate\Routing\Router->dispatch(Object(Illuminate\Http\Request))
#9 [internal function]: Illuminate\Foundation\Http\Kernel->Illuminate\Foundation\Http\{closure}(Object(Illuminate\Http\Request))
#10 D:\Laragon\www\admin\highway-xa-qs\vendor\laravel\framework\src\Illuminate\Pipeline\Pipeline.php(139): call_user_func(Object(Closure), Object(Illuminate\Http\Request))
#11 D:\Laragon\www\admin\highway-xa-qs\vendor\laravel\framework\src\Illuminate\Foundation\Http\Middleware\VerifyCsrfToken.php(50): Illuminate\Pipeline\Pipeline->Illuminate\Pipeline\{closure}(Object(Illuminate\Http\Request))
#12 [internal function]: Illuminate\Foundation\Http\Middleware\VerifyCsrfToken->handle(Object(Illuminate\Http\Request), Object(Closure))
#13 D:\Laragon\www\admin\highway-xa-qs\vendor\laravel\framework\src\Illuminate\Pipeline\Pipeline.php(124): call_user_func_array(Array, Array)
#14 D:\Laragon\www\admin\highway-xa-qs\vendor\laravel\framework\src\Illuminate\View\Middleware\ShareErrorsFromSession.php(49): Illuminate\Pipeline\Pipeline->Illuminate\Pipeline\{closure}(Object(Illuminate\Http\Request))
#15 [internal function]: Illuminate\View\Middleware\ShareErrorsFromSession->handle(Object(Illuminate\Http\Request), Object(Closure))
#16 D:\Laragon\www\admin\highway-xa-qs\vendor\laravel\framework\src\Illuminate\Pipeline\Pipeline.php(124): call_user_func_array(Array, Array)
#17 D:\Laragon\www\admin\highway-xa-qs\vendor\laravel\framework\src\Illuminate\Session\Middleware\StartSession.php(62): Illuminate\Pipeline\Pipeline->Illuminate\Pipeline\{closure}(Object(Illuminate\Http\Request))
#18 [internal function]: Illuminate\Session\Middleware\StartSession->handle(Object(Illuminate\Http\Request), Object(Closure))
#19 D:\Laragon\www\admin\highway-xa-qs\vendor\laravel\framework\src\Illuminate\Pipeline\Pipeline.php(124): call_user_func_array(Array, Array)
#20 D:\Laragon\www\admin\highway-xa-qs\vendor\laravel\framework\src\Illuminate\Cookie\Middleware\AddQueuedCookiesToResponse.php(37): Illuminate\Pipeline\Pipeline->Illuminate\Pipeline\{closure}(Object(Illuminate\Http\Request))
#21 [internal function]: Illuminate\Cookie\Middleware\AddQueuedCookiesToResponse->handle(Object(Illuminate\Http\Request), Object(Closure))
#22 D:\Laragon\www\admin\highway-xa-qs\vendor\laravel\framework\src\Illuminate\Pipeline\Pipeline.php(124): call_user_func_array(Array, Array)
#23 D:\Laragon\www\admin\highway-xa-qs\vendor\laravel\framework\src\Illuminate\Cookie\Middleware\EncryptCookies.php(59): Illuminate\Pipeline\Pipeline->Illuminate\Pipeline\{closure}(Object(Illuminate\Http\Request))
#24 [internal function]: Illuminate\Cookie\Middleware\EncryptCookies->handle(Object(Illuminate\Http\Request), Object(Closure))
#25 D:\Laragon\www\admin\highway-xa-qs\vendor\laravel\framework\src\Illuminate\Pipeline\Pipeline.php(124): call_user_func_array(Array, Array)
#26 D:\Laragon\www\admin\highway-xa-qs\vendor\laravel\framework\src\Illuminate\Foundation\Http\Middleware\CheckForMaintenanceMode.php(44): Illuminate\Pipeline\Pipeline->Illuminate\Pipeline\{closure}(Object(Illuminate\Http\Request))
#27 [internal function]: Illuminate\Foundation\Http\Middleware\CheckForMaintenanceMode->handle(Object(Illuminate\Http\Request), Object(Closure))
#28 D:\Laragon\www\admin\highway-xa-qs\vendor\laravel\framework\src\Illuminate\Pipeline\Pipeline.php(124): call_user_func_array(Array, Array)
#29 [internal function]: Illuminate\Pipeline\Pipeline->Illuminate\Pipeline\{closure}(Object(Illuminate\Http\Request))
#30 D:\Laragon\www\admin\highway-xa-qs\vendor\laravel\framework\src\Illuminate\Pipeline\Pipeline.php(102): call_user_func(Object(Closure), Object(Illuminate\Http\Request))
#31 D:\Laragon\www\admin\highway-xa-qs\vendor\laravel\framework\src\Illuminate\Foundation\Http\Kernel.php(122): Illuminate\Pipeline\Pipeline->then(Object(Closure))
#32 D:\Laragon\www\admin\highway-xa-qs\vendor\laravel\framework\src\Illuminate\Foundation\Http\Kernel.php(87): Illuminate\Foundation\Http\Kernel->sendRequestThroughRouter(Object(Illuminate\Http\Request))
#33 D:\Laragon\www\admin\highway-xa-qs\public\index.php(53): Illuminate\Foundation\Http\Kernel->handle(Object(Illuminate\Http\Request))
#34 {main}  
[2019-01-18 12:02:13] local.ERROR: ReflectionException: Class App\Http\Controllers\Yj\YjController does not exist in D:\Laragon\www\admin\highway-xa-qs\vendor\laravel\framework\src\Illuminate\Container\Container.php:741
Stack trace:
#0 D:\Laragon\www\admin\highway-xa-qs\vendor\laravel\framework\src\Illuminate\Container\Container.php(741): ReflectionClass->__construct('App\\Http\\Contro...')
#1 D:\Laragon\www\admin\highway-xa-qs\vendor\laravel\framework\src\Illuminate\Container\Container.php(631): Illuminate\Container\Container->build('App\\Http\\Contro...', Array)
#2 D:\Laragon\www\admin\highway-xa-qs\vendor\laravel\framework\src\Illuminate\Foundation\Application.php(674): Illuminate\Container\Container->make('App\\Http\\Contro...', Array)
#3 D:\Laragon\www\admin\highway-xa-qs\vendor\laravel\framework\src\Illuminate\Routing\ControllerDispatcher.php(85): Illuminate\Foundation\Application->make('App\\Http\\Contro...')
#4 D:\Laragon\www\admin\highway-xa-qs\vendor\laravel\framework\src\Illuminate\Routing\ControllerDispatcher.php(57): Illuminate\Routing\ControllerDispatcher->makeController('App\\Http\\Contro...')
#5 D:\Laragon\www\admin\highway-xa-qs\vendor\laravel\framework\src\Illuminate\Routing\Route.php(203): Illuminate\Routing\ControllerDispatcher->dispatch(Object(Illuminate\Routing\Route), Object(Illuminate\Http\Request), 'App\\Http\\Contro...', 'index')
#6 D:\Laragon\www\admin\highway-xa-qs\vendor\laravel\framework\src\Illuminate\Routing\Route.php(134): Illuminate\Routing\Route->runWithCustomDispatcher(Object(Illuminate\Http\Request))
#7 D:\Laragon\www\admin\highway-xa-qs\vendor\laravel\framework\src\Illuminate\Routing\Router.php(708): Illuminate\Routing\Route->run(Object(Illuminate\Http\Request))
#8 [internal function]: Illuminate\Routing\Router->Illuminate\Routing\{closure}(Object(Illuminate\Http\Request))
#9 D:\Laragon\www\admin\highway-xa-qs\vendor\laravel\framework\src\Illuminate\Pipeline\Pipeline.php(139): call_user_func(Object(Closure), Object(Illuminate\Http\Request))
#10 D:\Laragon\www\admin\highway-xa-qs\app\Http\Middleware\Admin.php(159): Illuminate\Pipeline\Pipeline->Illuminate\Pipeline\{closure}(Object(Illuminate\Http\Request))
#11 [internal function]: App\Http\Middleware\Admin->handle(Object(Illuminate\Http\Request), Object(Closure))
#12 D:\Laragon\www\admin\highway-xa-qs\vendor\laravel\framework\src\Illuminate\Pipeline\Pipeline.php(124): call_user_func_array(Array, Array)
#13 [internal function]: Illuminate\Pipeline\Pipeline->Illuminate\Pipeline\{closure}(Object(Illuminate\Http\Request))
#14 D:\Laragon\www\admin\highway-xa-qs\vendor\laravel\framework\src\Illuminate\Pipeline\Pipeline.php(102): call_user_func(Object(Closure), Object(Illuminate\Http\Request))
#15 D:\Laragon\www\admin\highway-xa-qs\vendor\laravel\framework\src\Illuminate\Routing\Router.php(710): Illuminate\Pipeline\Pipeline->then(Object(Closure))
#16 D:\Laragon\www\admin\highway-xa-qs\vendor\laravel\framework\src\Illuminate\Routing\Router.php(674): Illuminate\Routing\Router->runRouteWithinStack(Object(Illuminate\Routing\Route), Object(Illuminate\Http\Request))
#17 D:\Laragon\www\admin\highway-xa-qs\vendor\laravel\framework\src\Illuminate\Routing\Router.php(635): Illuminate\Routing\Router->dispatchToRoute(Object(Illuminate\Http\Request))
#18 D:\Laragon\www\admin\highway-xa-qs\vendor\laravel\framework\src\Illuminate\Foundation\Http\Kernel.php(236): Illuminate\Routing\Router->dispatch(Object(Illuminate\Http\Request))
#19 [internal function]: Illuminate\Foundation\Http\Kernel->Illuminate\Foundation\Http\{closure}(Object(Illuminate\Http\Request))
#20 D:\Laragon\www\admin\highway-xa-qs\vendor\laravel\framework\src\Illuminate\Pipeline\Pipeline.php(139): call_user_func(Object(Closure), Object(Illuminate\Http\Request))
#21 D:\Laragon\www\admin\highway-xa-qs\vendor\laravel\framework\src\Illuminate\Foundation\Http\Middleware\VerifyCsrfToken.php(50): Illuminate\Pipeline\Pipeline->Illuminate\Pipeline\{closure}(Object(Illuminate\Http\Request))
#22 [internal function]: Illuminate\Foundation\Http\Middleware\VerifyCsrfToken->handle(Object(Illuminate\Http\Request), Object(Closure))
#23 D:\Laragon\www\admin\highway-xa-qs\vendor\laravel\framework\src\Illuminate\Pipeline\Pipeline.php(124): call_user_func_array(Array, Array)
#24 D:\Laragon\www\admin\highway-xa-qs\vendor\laravel\framework\src\Illuminate\View\Middleware\ShareErrorsFromSession.php(49): Illuminate\Pipeline\Pipeline->Illuminate\Pipeline\{closure}(Object(Illuminate\Http\Request))
#25 [internal function]: Illuminate\View\Middleware\ShareErrorsFromSession->handle(Object(Illuminate\Http\Request), Object(Closure))
#26 D:\Laragon\www\admin\highway-xa-qs\vendor\laravel\framework\src\Illuminate\Pipeline\Pipeline.php(124): call_user_func_array(Array, Array)
#27 D:\Laragon\www\admin\highway-xa-qs\vendor\laravel\framework\src\Illuminate\Session\Middleware\StartSession.php(62): Illuminate\Pipeline\Pipeline->Illuminate\Pipeline\{closure}(Object(Illuminate\Http\Request))
#28 [internal function]: Illuminate\Session\Middleware\StartSession->handle(Object(Illuminate\Http\Request), Object(Closure))
#29 D:\Laragon\www\admin\highway-xa-qs\vendor\laravel\framework\src\Illuminate\Pipeline\Pipeline.php(124): call_user_func_array(Array, Array)
#30 D:\Laragon\www\admin\highway-xa-qs\vendor\laravel\framework\src\Illuminate\Cookie\Middleware\AddQueuedCookiesToResponse.php(37): Illuminate\Pipeline\Pipeline->Illuminate\Pipeline\{closure}(Object(Illuminate\Http\Request))
#31 [internal function]: Illuminate\Cookie\Middleware\AddQueuedCookiesToResponse->handle(Object(Illuminate\Http\Request), Object(Closure))
#32 D:\Laragon\www\admin\highway-xa-qs\vendor\laravel\framework\src\Illuminate\Pipeline\Pipeline.php(124): call_user_func_array(Array, Array)
#33 D:\Laragon\www\admin\highway-xa-qs\vendor\laravel\framework\src\Illuminate\Cookie\Middleware\EncryptCookies.php(59): Illuminate\Pipeline\Pipeline->Illuminate\Pipeline\{closure}(Object(Illuminate\Http\Request))
#34 [internal function]: Illuminate\Cookie\Middleware\EncryptCookies->handle(Object(Illuminate\Http\Request), Object(Closure))
#35 D:\Laragon\www\admin\highway-xa-qs\vendor\laravel\framework\src\Illuminate\Pipeline\Pipeline.php(124): call_user_func_array(Array, Array)
#36 D:\Laragon\www\admin\highway-xa-qs\vendor\laravel\framework\src\Illuminate\Foundation\Http\Middleware\CheckForMaintenanceMode.php(44): Illuminate\Pipeline\Pipeline->Illuminate\Pipeline\{closure}(Object(Illuminate\Http\Request))
#37 [internal function]: Illuminate\Foundation\Http\Middleware\CheckForMaintenanceMode->handle(Object(Illuminate\Http\Request), Object(Closure))
#38 D:\Laragon\www\admin\highway-xa-qs\vendor\laravel\framework\src\Illuminate\Pipeline\Pipeline.php(124): call_user_func_array(Array, Array)
#39 [internal function]: Illuminate\Pipeline\Pipeline->Illuminate\Pipeline\{closure}(Object(Illuminate\Http\Request))
#40 D:\Laragon\www\admin\highway-xa-qs\vendor\laravel\framework\src\Illuminate\Pipeline\Pipeline.php(102): call_user_func(Object(Closure), Object(Illuminate\Http\Request))
#41 D:\Laragon\www\admin\highway-xa-qs\vendor\laravel\framework\src\Illuminate\Foundation\Http\Kernel.php(122): Illuminate\Pipeline\Pipeline->then(Object(Closure))
#42 D:\Laragon\www\admin\highway-xa-qs\vendor\laravel\framework\src\Illuminate\Foundation\Http\Kernel.php(87): Illuminate\Foundation\Http\Kernel->sendRequestThroughRouter(Object(Illuminate\Http\Request))
#43 D:\Laragon\www\admin\highway-xa-qs\public\index.php(53): Illuminate\Foundation\Http\Kernel->handle(Object(Illuminate\Http\Request))
#44 {main}  
[2019-01-18 12:02:25] local.ERROR: ReflectionException: Class App\Http\Controllers\Yj\YjController does not exist in D:\Laragon\www\admin\highway-xa-qs\vendor\laravel\framework\src\Illuminate\Container\Container.php:741
Stack trace:
#0 D:\Laragon\www\admin\highway-xa-qs\vendor\laravel\framework\src\Illuminate\Container\Container.php(741): ReflectionClass->__construct('App\\Http\\Contro...')
#1 D:\Laragon\www\admin\highway-xa-qs\vendor\laravel\framework\src\Illuminate\Container\Container.php(631): Illuminate\Container\Container->build('App\\Http\\Contro...', Array)
#2 D:\Laragon\www\admin\highway-xa-qs\vendor\laravel\framework\src\Illuminate\Foundation\Application.php(674): Illuminate\Container\Container->make('App\\Http\\Contro...', Array)
#3 D:\Laragon\www\admin\highway-xa-qs\vendor\laravel\framework\src\Illuminate\Routing\ControllerDispatcher.php(85): Illuminate\Foundation\Application->make('App\\Http\\Contro...')
#4 D:\Laragon\www\admin\highway-xa-qs\vendor\laravel\framework\src\Illuminate\Routing\ControllerDispatcher.php(57): Illuminate\Routing\ControllerDispatcher->makeController('App\\Http\\Contro...')
#5 D:\Laragon\www\admin\highway-xa-qs\vendor\laravel\framework\src\Illuminate\Routing\Route.php(203): Illuminate\Routing\ControllerDispatcher->dispatch(Object(Illuminate\Routing\Route), Object(Illuminate\Http\Request), 'App\\Http\\Contro...', 'index')
#6 D:\Laragon\www\admin\highway-xa-qs\vendor\laravel\framework\src\Illuminate\Routing\Route.php(134): Illuminate\Routing\Route->runWithCustomDispatcher(Object(Illuminate\Http\Request))
#7 D:\Laragon\www\admin\highway-xa-qs\vendor\laravel\framework\src\Illuminate\Routing\Router.php(708): Illuminate\Routing\Route->run(Object(Illuminate\Http\Request))
#8 [internal function]: Illuminate\Routing\Router->Illuminate\Routing\{closure}(Object(Illuminate\Http\Request))
#9 D:\Laragon\www\admin\highway-xa-qs\vendor\laravel\framework\src\Illuminate\Pipeline\Pipeline.php(139): call_user_func(Object(Closure), Object(Illuminate\Http\Request))
#10 D:\Laragon\www\admin\highway-xa-qs\app\Http\Middleware\Admin.php(159): Illuminate\Pipeline\Pipeline->Illuminate\Pipeline\{closure}(Object(Illuminate\Http\Request))
#11 [internal function]: App\Http\Middleware\Admin->handle(Object(Illuminate\Http\Request), Object(Closure))
#12 D:\Laragon\www\admin\highway-xa-qs\vendor\laravel\framework\src\Illuminate\Pipeline\Pipeline.php(124): call_user_func_array(Array, Array)
#13 [internal function]: Illuminate\Pipeline\Pipeline->Illuminate\Pipeline\{closure}(Object(Illuminate\Http\Request))
#14 D:\Laragon\www\admin\highway-xa-qs\vendor\laravel\framework\src\Illuminate\Pipeline\Pipeline.php(102): call_user_func(Object(Closure), Object(Illuminate\Http\Request))
#15 D:\Laragon\www\admin\highway-xa-qs\vendor\laravel\framework\src\Illuminate\Routing\Router.php(710): Illuminate\Pipeline\Pipeline->then(Object(Closure))
#16 D:\Laragon\www\admin\highway-xa-qs\vendor\laravel\framework\src\Illuminate\Routing\Router.php(674): Illuminate\Routing\Router->runRouteWithinStack(Object(Illuminate\Routing\Route), Object(Illuminate\Http\Request))
#17 D:\Laragon\www\admin\highway-xa-qs\vendor\laravel\framework\src\Illuminate\Routing\Router.php(635): Illuminate\Routing\Router->dispatchToRoute(Object(Illuminate\Http\Request))
#18 D:\Laragon\www\admin\highway-xa-qs\vendor\laravel\framework\src\Illuminate\Foundation\Http\Kernel.php(236): Illuminate\Routing\Router->dispatch(Object(Illuminate\Http\Request))
#19 [internal function]: Illuminate\Foundation\Http\Kernel->Illuminate\Foundation\Http\{closure}(Object(Illuminate\Http\Request))
#20 D:\Laragon\www\admin\highway-xa-qs\vendor\laravel\framework\src\Illuminate\Pipeline\Pipeline.php(139): call_user_func(Object(Closure), Object(Illuminate\Http\Request))
#21 D:\Laragon\www\admin\highway-xa-qs\vendor\laravel\framework\src\Illuminate\Foundation\Http\Middleware\VerifyCsrfToken.php(50): Illuminate\Pipeline\Pipeline->Illuminate\Pipeline\{closure}(Object(Illuminate\Http\Request))
#22 [internal function]: Illuminate\Foundation\Http\Middleware\VerifyCsrfToken->handle(Object(Illuminate\Http\Request), Object(Closure))
#23 D:\Laragon\www\admin\highway-xa-qs\vendor\laravel\framework\src\Illuminate\Pipeline\Pipeline.php(124): call_user_func_array(Array, Array)
#24 D:\Laragon\www\admin\highway-xa-qs\vendor\laravel\framework\src\Illuminate\View\Middleware\ShareErrorsFromSession.php(49): Illuminate\Pipeline\Pipeline->Illuminate\Pipeline\{closure}(Object(Illuminate\Http\Request))
#25 [internal function]: Illuminate\View\Middleware\ShareErrorsFromSession->handle(Object(Illuminate\Http\Request), Object(Closure))
#26 D:\Laragon\www\admin\highway-xa-qs\vendor\laravel\framework\src\Illuminate\Pipeline\Pipeline.php(124): call_user_func_array(Array, Array)
#27 D:\Laragon\www\admin\highway-xa-qs\vendor\laravel\framework\src\Illuminate\Session\Middleware\StartSession.php(62): Illuminate\Pipeline\Pipeline->Illuminate\Pipeline\{closure}(Object(Illuminate\Http\Request))
#28 [internal function]: Illuminate\Session\Middleware\StartSession->handle(Object(Illuminate\Http\Request), Object(Closure))
#29 D:\Laragon\www\admin\highway-xa-qs\vendor\laravel\framework\src\Illuminate\Pipeline\Pipeline.php(124): call_user_func_array(Array, Array)
#30 D:\Laragon\www\admin\highway-xa-qs\vendor\laravel\framework\src\Illuminate\Cookie\Middleware\AddQueuedCookiesToResponse.php(37): Illuminate\Pipeline\Pipeline->Illuminate\Pipeline\{closure}(Object(Illuminate\Http\Request))
#31 [internal function]: Illuminate\Cookie\Middleware\AddQueuedCookiesToResponse->handle(Object(Illuminate\Http\Request), Object(Closure))
#32 D:\Laragon\www\admin\highway-xa-qs\vendor\laravel\framework\src\Illuminate\Pipeline\Pipeline.php(124): call_user_func_array(Array, Array)
#33 D:\Laragon\www\admin\highway-xa-qs\vendor\laravel\framework\src\Illuminate\Cookie\Middleware\EncryptCookies.php(59): Illuminate\Pipeline\Pipeline->Illuminate\Pipeline\{closure}(Object(Illuminate\Http\Request))
#34 [internal function]: Illuminate\Cookie\Middleware\EncryptCookies->handle(Object(Illuminate\Http\Request), Object(Closure))
#35 D:\Laragon\www\admin\highway-xa-qs\vendor\laravel\framework\src\Illuminate\Pipeline\Pipeline.php(124): call_user_func_array(Array, Array)
#36 D:\Laragon\www\admin\highway-xa-qs\vendor\laravel\framework\src\Illuminate\Foundation\Http\Middleware\CheckForMaintenanceMode.php(44): Illuminate\Pipeline\Pipeline->Illuminate\Pipeline\{closure}(Object(Illuminate\Http\Request))
#37 [internal function]: Illuminate\Foundation\Http\Middleware\CheckForMaintenanceMode->handle(Object(Illuminate\Http\Request), Object(Closure))
#38 D:\Laragon\www\admin\highway-xa-qs\vendor\laravel\framework\src\Illuminate\Pipeline\Pipeline.php(124): call_user_func_array(Array, Array)
#39 [internal function]: Illuminate\Pipeline\Pipeline->Illuminate\Pipeline\{closure}(Object(Illuminate\Http\Request))
#40 D:\Laragon\www\admin\highway-xa-qs\vendor\laravel\framework\src\Illuminate\Pipeline\Pipeline.php(102): call_user_func(Object(Closure), Object(Illuminate\Http\Request))
#41 D:\Laragon\www\admin\highway-xa-qs\vendor\laravel\framework\src\Illuminate\Foundation\Http\Kernel.php(122): Illuminate\Pipeline\Pipeline->then(Object(Closure))
#42 D:\Laragon\www\admin\highway-xa-qs\vendor\laravel\framework\src\Illuminate\Foundation\Http\Kernel.php(87): Illuminate\Foundation\Http\Kernel->sendRequestThroughRouter(Object(Illuminate\Http\Request))
#43 D:\Laragon\www\admin\highway-xa-qs\public\index.php(53): Illuminate\Foundation\Http\Kernel->handle(Object(Illuminate\Http\Request))
#44 {main}  
