[2019-01-21 16:27:42] local.ERROR: Illuminate\Session\TokenMismatchException in D:\Laragon\www\admin\highway-xa-qs\vendor\laravel\framework\src\Illuminate\Foundation\Http\Middleware\VerifyCsrfToken.php:53
Stack trace:
#0 [internal function]: Illuminate\Foundation\Http\Middleware\VerifyCsrfToken->handle(Object(Illuminate\Http\Request), Object(Closure))
#1 D:\Laragon\www\admin\highway-xa-qs\vendor\laravel\framework\src\Illuminate\Pipeline\Pipeline.php(124): call_user_func_array(Array, Array)
#2 D:\Laragon\www\admin\highway-xa-qs\vendor\laravel\framework\src\Illuminate\View\Middleware\ShareErrorsFromSession.php(49): Illuminate\Pipeline\Pipeline->Illuminate\Pipeline\{closure}(Object(Illuminate\Http\Request))
#3 [internal function]: Illuminate\View\Middleware\ShareErrorsFromSession->handle(Object(Illuminate\Http\Request), Object(Closure))
#4 D:\Laragon\www\admin\highway-xa-qs\vendor\laravel\framework\src\Illuminate\Pipeline\Pipeline.php(124): call_user_func_array(Array, Array)
#5 D:\Laragon\www\admin\highway-xa-qs\vendor\laravel\framework\src\Illuminate\Session\Middleware\StartSession.php(62): Illuminate\Pipeline\Pipeline->Illuminate\Pipeline\{closure}(Object(Illuminate\Http\Request))
#6 [internal function]: Illuminate\Session\Middleware\StartSession->handle(Object(Illuminate\Http\Request), Object(Closure))
#7 D:\Laragon\www\admin\highway-xa-qs\vendor\laravel\framework\src\Illuminate\Pipeline\Pipeline.php(124): call_user_func_array(Array, Array)
#8 D:\Laragon\www\admin\highway-xa-qs\vendor\laravel\framework\src\Illuminate\Cookie\Middleware\AddQueuedCookiesToResponse.php(37): Illuminate\Pipeline\Pipeline->Illuminate\Pipeline\{closure}(Object(Illuminate\Http\Request))
#9 [internal function]: Illuminate\Cookie\Middleware\AddQueuedCookiesToResponse->handle(Object(Illuminate\Http\Request), Object(Closure))
#10 D:\Laragon\www\admin\highway-xa-qs\vendor\laravel\framework\src\Illuminate\Pipeline\Pipeline.php(124): call_user_func_array(Array, Array)
#11 D:\Laragon\www\admin\highway-xa-qs\vendor\laravel\framework\src\Illuminate\Cookie\Middleware\EncryptCookies.php(59): Illuminate\Pipeline\Pipeline->Illuminate\Pipeline\{closure}(Object(Illuminate\Http\Request))
#12 [internal function]: Illuminate\Cookie\Middleware\EncryptCookies->handle(Object(Illuminate\Http\Request), Object(Closure))
#13 D:\Laragon\www\admin\highway-xa-qs\vendor\laravel\framework\src\Illuminate\Pipeline\Pipeline.php(124): call_user_func_array(Array, Array)
#14 D:\Laragon\www\admin\highway-xa-qs\vendor\laravel\framework\src\Illuminate\Foundation\Http\Middleware\CheckForMaintenanceMode.php(44): Illuminate\Pipeline\Pipeline->Illuminate\Pipeline\{closure}(Object(Illuminate\Http\Request))
#15 [internal function]: Illuminate\Foundation\Http\Middleware\CheckForMaintenanceMode->handle(Object(Illuminate\Http\Request), Object(Closure))
#16 D:\Laragon\www\admin\highway-xa-qs\vendor\laravel\framework\src\Illuminate\Pipeline\Pipeline.php(124): call_user_func_array(Array, Array)
#17 [internal function]: Illuminate\Pipeline\Pipeline->Illuminate\Pipeline\{closure}(Object(Illuminate\Http\Request))
#18 D:\Laragon\www\admin\highway-xa-qs\vendor\laravel\framework\src\Illuminate\Pipeline\Pipeline.php(102): call_user_func(Object(Closure), Object(Illuminate\Http\Request))
#19 D:\Laragon\www\admin\highway-xa-qs\vendor\laravel\framework\src\Illuminate\Foundation\Http\Kernel.php(122): Illuminate\Pipeline\Pipeline->then(Object(Closure))
#20 D:\Laragon\www\admin\highway-xa-qs\vendor\laravel\framework\src\Illuminate\Foundation\Http\Kernel.php(87): Illuminate\Foundation\Http\Kernel->sendRequestThroughRouter(Object(Illuminate\Http\Request))
#21 D:\Laragon\www\admin\highway-xa-qs\public\index.php(53): Illuminate\Foundation\Http\Kernel->handle(Object(Illuminate\Http\Request))
#22 {main}  
[2019-01-21 17:03:41] local.ERROR: Illuminate\Session\TokenMismatchException in D:\Laragon\www\admin\highway-xa-qs\vendor\laravel\framework\src\Illuminate\Foundation\Http\Middleware\VerifyCsrfToken.php:53
Stack trace:
#0 [internal function]: Illuminate\Foundation\Http\Middleware\VerifyCsrfToken->handle(Object(Illuminate\Http\Request), Object(Closure))
#1 D:\Laragon\www\admin\highway-xa-qs\vendor\laravel\framework\src\Illuminate\Pipeline\Pipeline.php(124): call_user_func_array(Array, Array)
#2 D:\Laragon\www\admin\highway-xa-qs\vendor\laravel\framework\src\Illuminate\View\Middleware\ShareErrorsFromSession.php(49): Illuminate\Pipeline\Pipeline->Illuminate\Pipeline\{closure}(Object(Illuminate\Http\Request))
#3 [internal function]: Illuminate\View\Middleware\ShareErrorsFromSession->handle(Object(Illuminate\Http\Request), Object(Closure))
#4 D:\Laragon\www\admin\highway-xa-qs\vendor\laravel\framework\src\Illuminate\Pipeline\Pipeline.php(124): call_user_func_array(Array, Array)
#5 D:\Laragon\www\admin\highway-xa-qs\vendor\laravel\framework\src\Illuminate\Session\Middleware\StartSession.php(62): Illuminate\Pipeline\Pipeline->Illuminate\Pipeline\{closure}(Object(Illuminate\Http\Request))
#6 [internal function]: Illuminate\Session\Middleware\StartSession->handle(Object(Illuminate\Http\Request), Object(Closure))
#7 D:\Laragon\www\admin\highway-xa-qs\vendor\laravel\framework\src\Illuminate\Pipeline\Pipeline.php(124): call_user_func_array(Array, Array)
#8 D:\Laragon\www\admin\highway-xa-qs\vendor\laravel\framework\src\Illuminate\Cookie\Middleware\AddQueuedCookiesToResponse.php(37): Illuminate\Pipeline\Pipeline->Illuminate\Pipeline\{closure}(Object(Illuminate\Http\Request))
#9 [internal function]: Illuminate\Cookie\Middleware\AddQueuedCookiesToResponse->handle(Object(Illuminate\Http\Request), Object(Closure))
#10 D:\Laragon\www\admin\highway-xa-qs\vendor\laravel\framework\src\Illuminate\Pipeline\Pipeline.php(124): call_user_func_array(Array, Array)
#11 D:\Laragon\www\admin\highway-xa-qs\vendor\laravel\framework\src\Illuminate\Cookie\Middleware\EncryptCookies.php(59): Illuminate\Pipeline\Pipeline->Illuminate\Pipeline\{closure}(Object(Illuminate\Http\Request))
#12 [internal function]: Illuminate\Cookie\Middleware\EncryptCookies->handle(Object(Illuminate\Http\Request), Object(Closure))
#13 D:\Laragon\www\admin\highway-xa-qs\vendor\laravel\framework\src\Illuminate\Pipeline\Pipeline.php(124): call_user_func_array(Array, Array)
#14 D:\Laragon\www\admin\highway-xa-qs\vendor\laravel\framework\src\Illuminate\Foundation\Http\Middleware\CheckForMaintenanceMode.php(44): Illuminate\Pipeline\Pipeline->Illuminate\Pipeline\{closure}(Object(Illuminate\Http\Request))
#15 [internal function]: Illuminate\Foundation\Http\Middleware\CheckForMaintenanceMode->handle(Object(Illuminate\Http\Request), Object(Closure))
#16 D:\Laragon\www\admin\highway-xa-qs\vendor\laravel\framework\src\Illuminate\Pipeline\Pipeline.php(124): call_user_func_array(Array, Array)
#17 [internal function]: Illuminate\Pipeline\Pipeline->Illuminate\Pipeline\{closure}(Object(Illuminate\Http\Request))
#18 D:\Laragon\www\admin\highway-xa-qs\vendor\laravel\framework\src\Illuminate\Pipeline\Pipeline.php(102): call_user_func(Object(Closure), Object(Illuminate\Http\Request))
#19 D:\Laragon\www\admin\highway-xa-qs\vendor\laravel\framework\src\Illuminate\Foundation\Http\Kernel.php(122): Illuminate\Pipeline\Pipeline->then(Object(Closure))
#20 D:\Laragon\www\admin\highway-xa-qs\vendor\laravel\framework\src\Illuminate\Foundation\Http\Kernel.php(87): Illuminate\Foundation\Http\Kernel->sendRequestThroughRouter(Object(Illuminate\Http\Request))
#21 D:\Laragon\www\admin\highway-xa-qs\public\index.php(53): Illuminate\Foundation\Http\Kernel->handle(Object(Illuminate\Http\Request))
#22 {main}  
